2020-07-04 08:01:45,439   pi_pact      DEBUG      Beacon configuration - {'control_file': 'advertiser_control', 'timeout': 20, 'uuid': '', 'major': 1, 'minor': 1, 'tx_power': 1, 'interval': 200}
2020-07-04 08:01:45,439   pi_pact      DEBUG      Scanner configuration - {'control_file': 'scanner_control', 'scan_prefix': 'jeanA_144.0_75_63', 'timeout': 180, 'revisit': 1, 'filters': {}}
2020-07-04 08:01:45,439   pi_pact      INFO       Beacon scanner mode selected.
2020-07-04 08:01:45,441   pi_pact      DEBUG      Using default beacon scanner configuration filters: {}.
2020-07-04 08:01:45,441   pi_pact      INFO       Initialized beacon scanner.
2020-07-04 08:01:45,444   pi_pact      INFO       Starting beacon scanner with timeout 180.
2020-07-04 08:01:45,444   pi_pact      DEBUG      Performing scan #1 at revisit 1.
2020-07-04 08:01:46,154   pi_pact      DEBUG      Performing scan #2 at revisit 1.
2020-07-04 08:01:47,405   pi_pact      DEBUG      Performing scan #3 at revisit 1.
2020-07-04 08:01:48,084   pi_pact      DEBUG      Performing scan #4 at revisit 1.
2020-07-04 08:01:49,192   pi_pact      DEBUG      Performing scan #5 at revisit 1.
2020-07-04 08:01:50,019   pi_pact      DEBUG      Performing scan #6 at revisit 1.
2020-07-04 08:01:51,274   pi_pact      DEBUG      Performing scan #7 at revisit 1.
2020-07-04 08:01:52,566   pi_pact      DEBUG      Performing scan #8 at revisit 1.
2020-07-04 08:01:53,039   pi_pact      DEBUG      Performing scan #9 at revisit 1.
2020-07-04 08:01:54,687   pi_pact      DEBUG      Performing scan #10 at revisit 1.
2020-07-04 08:01:55,789   pi_pact      DEBUG      Performing scan #11 at revisit 1.
2020-07-04 08:01:56,094   pi_pact      DEBUG      Performing scan #12 at revisit 1.
2020-07-04 08:01:58,099   pi_pact      DEBUG      Performing scan #13 at revisit 1.
2020-07-04 08:01:59,025   pi_pact      DEBUG      Performing scan #14 at revisit 1.
2020-07-04 08:02:00,316   pi_pact      DEBUG      Performing scan #15 at revisit 1.
2020-07-04 08:02:01,025   pi_pact      DEBUG      Performing scan #16 at revisit 1.
2020-07-04 08:02:02,126   pi_pact      DEBUG      Performing scan #17 at revisit 1.
2020-07-04 08:02:03,700   pi_pact      DEBUG      Performing scan #18 at revisit 1.
2020-07-04 08:02:04,051   pi_pact      DEBUG      Performing scan #19 at revisit 1.
2020-07-04 08:02:05,425   pi_pact      DEBUG      Performing scan #20 at revisit 1.
2020-07-04 08:02:06,475   pi_pact      DEBUG      Performing scan #21 at revisit 1.
2020-07-04 08:02:07,345   pi_pact      DEBUG      Performing scan #22 at revisit 1.
2020-07-04 08:02:08,043   pi_pact      DEBUG      Performing scan #23 at revisit 1.
2020-07-04 08:02:09,808   pi_pact      DEBUG      Performing scan #24 at revisit 1.
2020-07-04 08:02:10,215   pi_pact      DEBUG      Performing scan #25 at revisit 1.
2020-07-04 08:02:11,920   pi_pact      DEBUG      Performing scan #26 at revisit 1.
2020-07-04 08:02:12,082   pi_pact      DEBUG      Performing scan #27 at revisit 1.
2020-07-04 08:02:13,205   pi_pact      DEBUG      Performing scan #28 at revisit 1.
2020-07-04 08:02:14,495   pi_pact      DEBUG      Performing scan #29 at revisit 1.
2020-07-04 08:02:15,103   pi_pact      DEBUG      Performing scan #30 at revisit 1.
2020-07-04 08:02:16,482   pi_pact      DEBUG      Performing scan #31 at revisit 1.
2020-07-04 08:02:17,493   pi_pact      DEBUG      Performing scan #32 at revisit 1.
2020-07-04 08:02:18,376   pi_pact      DEBUG      Performing scan #33 at revisit 1.
2020-07-04 08:02:19,419   pi_pact      DEBUG      Performing scan #34 at revisit 1.
2020-07-04 08:02:20,785   pi_pact      DEBUG      Performing scan #35 at revisit 1.
2020-07-04 08:02:21,008   pi_pact      DEBUG      Performing scan #36 at revisit 1.
2020-07-04 08:02:23,012   pi_pact      DEBUG      Performing scan #37 at revisit 1.
2020-07-04 08:02:24,817   pi_pact      DEBUG      Performing scan #38 at revisit 1.
2020-07-04 08:02:25,996   pi_pact      DEBUG      Performing scan #39 at revisit 1.
2020-07-04 08:02:26,048   pi_pact      DEBUG      Performing scan #40 at revisit 1.
2020-07-04 08:02:27,590   pi_pact      DEBUG      Performing scan #41 at revisit 1.
2020-07-04 08:02:28,686   pi_pact      DEBUG      Performing scan #42 at revisit 1.
2020-07-04 08:02:29,033   pi_pact      DEBUG      Performing scan #43 at revisit 1.
2020-07-04 08:02:31,037   pi_pact      DEBUG      Performing scan #44 at revisit 1.
2020-07-04 08:02:33,042   pi_pact      DEBUG      Performing scan #45 at revisit 1.
2020-07-04 08:02:35,047   pi_pact      DEBUG      Performing scan #46 at revisit 1.
2020-07-04 08:02:36,540   pi_pact      DEBUG      Performing scan #47 at revisit 1.
2020-07-04 08:02:37,011   pi_pact      DEBUG      Performing scan #48 at revisit 1.
2020-07-04 08:02:39,016   pi_pact      DEBUG      Performing scan #49 at revisit 1.
2020-07-04 08:02:40,023   pi_pact      DEBUG      Performing scan #50 at revisit 1.
2020-07-04 08:02:41,404   pi_pact      DEBUG      Performing scan #51 at revisit 1.
2020-07-04 08:02:42,239   pi_pact      DEBUG      Performing scan #52 at revisit 1.
2020-07-04 08:02:43,904   pi_pact      DEBUG      Performing scan #53 at revisit 1.
2020-07-04 08:02:44,023   pi_pact      DEBUG      Performing scan #54 at revisit 1.
2020-07-04 08:02:45,467   pi_pact      DEBUG      Performing scan #55 at revisit 1.
2020-07-04 08:02:46,081   pi_pact      DEBUG      Performing scan #56 at revisit 1.
2020-07-04 08:02:47,215   pi_pact      DEBUG      Performing scan #57 at revisit 1.
2020-07-04 08:02:48,040   pi_pact      DEBUG      Performing scan #58 at revisit 1.
2020-07-04 08:02:49,332   pi_pact      DEBUG      Performing scan #59 at revisit 1.
2020-07-04 08:02:51,337   pi_pact      DEBUG      Performing scan #60 at revisit 1.
2020-07-04 08:02:53,204   pi_pact      DEBUG      Performing scan #61 at revisit 1.
2020-07-04 08:02:54,232   pi_pact      DEBUG      Performing scan #62 at revisit 1.
2020-07-04 08:02:55,867   pi_pact      DEBUG      Performing scan #63 at revisit 1.
2020-07-04 08:02:56,172   pi_pact      DEBUG      Performing scan #64 at revisit 1.
2020-07-04 08:02:58,043   pi_pact      DEBUG      Performing scan #65 at revisit 1.
2020-07-04 08:02:59,300   pi_pact      DEBUG      Performing scan #66 at revisit 1.
2020-07-04 08:03:00,213   pi_pact      DEBUG      Performing scan #67 at revisit 1.
2020-07-04 08:03:01,229   pi_pact      DEBUG      Performing scan #68 at revisit 1.
2020-07-04 08:03:02,058   pi_pact      DEBUG      Performing scan #69 at revisit 1.
2020-07-04 08:03:03,154   pi_pact      DEBUG      Performing scan #70 at revisit 1.
2020-07-04 08:03:04,851   pi_pact      DEBUG      Performing scan #71 at revisit 1.
2020-07-04 08:03:05,146   pi_pact      DEBUG      Performing scan #72 at revisit 1.
2020-07-04 08:03:06,779   pi_pact      DEBUG      Performing scan #73 at revisit 1.
2020-07-04 08:03:07,034   pi_pact      DEBUG      Performing scan #74 at revisit 1.
2020-07-04 08:03:08,098   pi_pact      DEBUG      Performing scan #75 at revisit 1.
2020-07-04 08:03:09,983   pi_pact      DEBUG      Performing scan #76 at revisit 1.
2020-07-04 08:03:10,040   pi_pact      DEBUG      Performing scan #77 at revisit 1.
2020-07-04 08:03:11,116   pi_pact      DEBUG      Performing scan #78 at revisit 1.
2020-07-04 08:03:12,216   pi_pact      DEBUG      Performing scan #79 at revisit 1.
2020-07-04 08:03:13,037   pi_pact      DEBUG      Performing scan #80 at revisit 1.
2020-07-04 08:03:15,042   pi_pact      DEBUG      Performing scan #81 at revisit 1.
2020-07-04 08:03:16,579   pi_pact      DEBUG      Performing scan #82 at revisit 1.
2020-07-04 08:03:17,733   pi_pact      DEBUG      Performing scan #83 at revisit 1.
2020-07-04 08:03:18,814   pi_pact      DEBUG      Performing scan #84 at revisit 1.
2020-07-04 08:03:19,018   pi_pact      DEBUG      Performing scan #85 at revisit 1.
2020-07-04 08:03:20,621   pi_pact      DEBUG      Performing scan #86 at revisit 1.
2020-07-04 08:03:21,025   pi_pact      DEBUG      Performing scan #87 at revisit 1.
2020-07-04 08:03:22,885   pi_pact      DEBUG      Performing scan #88 at revisit 1.
2020-07-04 08:03:23,102   pi_pact      DEBUG      Performing scan #89 at revisit 1.
2020-07-04 08:03:24,176   pi_pact      DEBUG      Performing scan #90 at revisit 1.
2020-07-04 08:03:25,152   pi_pact      DEBUG      Performing scan #91 at revisit 1.
2020-07-04 08:03:26,333   pi_pact      DEBUG      Performing scan #92 at revisit 1.
2020-07-04 08:03:27,084   pi_pact      DEBUG      Performing scan #93 at revisit 1.
2020-07-04 08:03:28,043   pi_pact      DEBUG      Performing scan #94 at revisit 1.
2020-07-04 08:03:29,334   pi_pact      DEBUG      Performing scan #95 at revisit 1.
2020-07-04 08:03:30,623   pi_pact      DEBUG      Performing scan #96 at revisit 1.
2020-07-04 08:03:31,914   pi_pact      DEBUG      Performing scan #97 at revisit 1.
2020-07-04 08:03:32,012   pi_pact      DEBUG      Performing scan #98 at revisit 1.
2020-07-04 08:03:33,122   pi_pact      DEBUG      Performing scan #99 at revisit 1.
2020-07-04 08:03:34,219   pi_pact      DEBUG      Performing scan #100 at revisit 1.
2020-07-04 08:03:35,008   pi_pact      DEBUG      Performing scan #101 at revisit 1.
2020-07-04 08:03:36,126   pi_pact      DEBUG      Performing scan #102 at revisit 1.
2020-07-04 08:03:37,082   pi_pact      DEBUG      Performing scan #103 at revisit 1.
2020-07-04 08:03:38,372   pi_pact      DEBUG      Performing scan #104 at revisit 1.
2020-07-04 08:03:39,178   pi_pact      DEBUG      Performing scan #105 at revisit 1.
2020-07-04 08:03:40,012   pi_pact      DEBUG      Performing scan #106 at revisit 1.
2020-07-04 08:03:41,020   pi_pact      DEBUG      Performing scan #107 at revisit 1.
2020-07-04 08:03:42,206   pi_pact      DEBUG      Performing scan #108 at revisit 1.
2020-07-04 08:03:43,310   pi_pact      DEBUG      Performing scan #109 at revisit 1.
2020-07-04 08:03:44,823   pi_pact      DEBUG      Performing scan #110 at revisit 1.
2020-07-04 08:03:45,024   pi_pact      DEBUG      Performing scan #111 at revisit 1.
2020-07-04 08:03:46,053   pi_pact      DEBUG      Performing scan #112 at revisit 1.
2020-07-04 08:03:47,539   pi_pact      DEBUG      Performing scan #113 at revisit 1.
2020-07-04 08:03:48,336   pi_pact      DEBUG      Performing scan #114 at revisit 1.
2020-07-04 08:03:49,095   pi_pact      DEBUG      Performing scan #115 at revisit 1.
2020-07-04 08:03:50,739   pi_pact      DEBUG      Performing scan #116 at revisit 1.
2020-07-04 08:03:51,058   pi_pact      DEBUG      Performing scan #117 at revisit 1.
2020-07-04 08:03:52,546   pi_pact      DEBUG      Performing scan #118 at revisit 1.
2020-07-04 08:03:53,253   pi_pact      DEBUG      Performing scan #119 at revisit 1.
2020-07-04 08:03:55,135   pi_pact      DEBUG      Performing scan #120 at revisit 1.
2020-07-04 08:03:56,622   pi_pact      DEBUG      Performing scan #121 at revisit 1.
2020-07-04 08:03:57,062   pi_pact      DEBUG      Performing scan #122 at revisit 1.
2020-07-04 08:03:59,067   pi_pact      DEBUG      Performing scan #123 at revisit 1.
2020-07-04 08:04:00,288   pi_pact      DEBUG      Performing scan #124 at revisit 1.
2020-07-04 08:04:01,577   pi_pact      DEBUG      Performing scan #125 at revisit 1.
2020-07-04 08:04:02,193   pi_pact      DEBUG      Performing scan #126 at revisit 1.
2020-07-04 08:04:04,201   pi_pact      DEBUG      Performing scan #127 at revisit 1.
2020-07-04 08:04:06,206   pi_pact      DEBUG      Performing scan #128 at revisit 1.
2020-07-04 08:04:07,121   pi_pact      DEBUG      Performing scan #129 at revisit 1.
2020-07-04 08:04:08,024   pi_pact      DEBUG      Performing scan #130 at revisit 1.
2020-07-04 08:04:10,030   pi_pact      DEBUG      Performing scan #131 at revisit 1.
2020-07-04 08:04:12,035   pi_pact      DEBUG      Performing scan #132 at revisit 1.
2020-07-04 08:04:13,187   pi_pact      DEBUG      Performing scan #133 at revisit 1.
2020-07-04 08:04:14,129   pi_pact      DEBUG      Performing scan #134 at revisit 1.
2020-07-04 08:04:15,499   pi_pact      DEBUG      Performing scan #135 at revisit 1.
2020-07-04 08:04:16,621   pi_pact      DEBUG      Performing scan #136 at revisit 1.
2020-07-04 08:04:17,067   pi_pact      DEBUG      Performing scan #137 at revisit 1.
2020-07-04 08:04:18,226   pi_pact      DEBUG      Performing scan #138 at revisit 1.
2020-07-04 08:04:20,231   pi_pact      DEBUG      Performing scan #139 at revisit 1.
2020-07-04 08:04:21,241   pi_pact      DEBUG      Performing scan #140 at revisit 1.
2020-07-04 08:04:22,090   pi_pact      DEBUG      Performing scan #141 at revisit 1.
2020-07-04 08:04:23,120   pi_pact      DEBUG      Performing scan #142 at revisit 1.
2020-07-04 08:04:25,126   pi_pact      DEBUG      Performing scan #143 at revisit 1.
2020-07-04 08:04:26,085   pi_pact      DEBUG      Performing scan #144 at revisit 1.
2020-07-04 08:04:27,329   pi_pact      DEBUG      Performing scan #145 at revisit 1.
2020-07-04 08:04:28,165   pi_pact      DEBUG      Performing scan #146 at revisit 1.
2020-07-04 08:04:29,955   pi_pact      DEBUG      Performing scan #147 at revisit 1.
2020-07-04 08:04:30,064   pi_pact      DEBUG      Performing scan #148 at revisit 1.
2020-07-04 08:04:31,243   pi_pact      DEBUG      Performing scan #149 at revisit 1.
2020-07-04 08:04:32,119   pi_pact      DEBUG      Performing scan #150 at revisit 1.
2020-07-04 08:04:33,164   pi_pact      DEBUG      Performing scan #151 at revisit 1.
2020-07-04 08:04:34,293   pi_pact      DEBUG      Performing scan #152 at revisit 1.
2020-07-04 08:04:35,066   pi_pact      DEBUG      Performing scan #153 at revisit 1.
2020-07-04 08:04:36,212   pi_pact      DEBUG      Performing scan #154 at revisit 1.
2020-07-04 08:04:37,006   pi_pact      DEBUG      Performing scan #155 at revisit 1.
2020-07-04 08:04:38,251   pi_pact      DEBUG      Performing scan #156 at revisit 1.
2020-07-04 08:04:40,002   pi_pact      DEBUG      Performing scan #157 at revisit 1.
2020-07-04 08:04:41,040   pi_pact      DEBUG      Performing scan #158 at revisit 1.
2020-07-04 08:04:42,946   pi_pact      DEBUG      Performing scan #159 at revisit 1.
2020-07-04 08:04:43,023   pi_pact      DEBUG      Performing scan #160 at revisit 1.
2020-07-04 08:04:44,141   pi_pact      DEBUG      Performing scan #161 at revisit 1.
2020-07-04 08:04:45,432   pi_pact      DEBUG      Performing scan #162 at revisit 1.
2020-07-04 08:04:46,252   pi_pact      DEBUG      Beacon scanner timed out.
2020-07-04 08:04:46,252   pi_pact      INFO       Stopping beacon scanner.
2020-07-04 08:22:10,557   pi_pact      DEBUG      Beacon configuration - {'control_file': 'advertiser_control', 'timeout': 20, 'uuid': '', 'major': 1, 'minor': 1, 'tx_power': 1, 'interval': 200}
2020-07-04 08:22:10,558   pi_pact      DEBUG      Scanner configuration - {'control_file': 'scanner_control', 'scan_prefix': 'jeanA_143.5_75_62', 'timeout': 180, 'revisit': 1, 'filters': {}}
2020-07-04 08:22:10,558   pi_pact      INFO       Beacon scanner mode selected.
2020-07-04 08:22:10,559   pi_pact      DEBUG      Using default beacon scanner configuration filters: {}.
2020-07-04 08:22:10,559   pi_pact      INFO       Initialized beacon scanner.
2020-07-04 08:22:10,562   pi_pact      INFO       Starting beacon scanner with timeout 180.
2020-07-04 08:22:10,562   pi_pact      DEBUG      Performing scan #1 at revisit 1.
2020-07-04 08:22:11,385   pi_pact      DEBUG      Performing scan #2 at revisit 1.
2020-07-04 08:22:12,932   pi_pact      DEBUG      Performing scan #3 at revisit 1.
2020-07-04 08:22:13,033   pi_pact      DEBUG      Performing scan #4 at revisit 1.
2020-07-04 08:22:14,135   pi_pact      DEBUG      Performing scan #5 at revisit 1.
2020-07-04 08:22:15,413   pi_pact      DEBUG      Performing scan #6 at revisit 1.
2020-07-04 08:22:16,501   pi_pact      DEBUG      Performing scan #7 at revisit 1.
2020-07-04 08:22:18,256   pi_pact      DEBUG      Performing scan #8 at revisit 1.
2020-07-04 08:22:19,198   pi_pact      DEBUG      Performing scan #9 at revisit 1.
2020-07-04 08:22:20,173   pi_pact      DEBUG      Performing scan #10 at revisit 1.
2020-07-04 08:22:21,006   pi_pact      DEBUG      Performing scan #11 at revisit 1.
2020-07-04 08:22:23,010   pi_pact      DEBUG      Performing scan #12 at revisit 1.
2020-07-04 08:22:24,361   pi_pact      DEBUG      Performing scan #13 at revisit 1.
2020-07-04 08:22:25,405   pi_pact      DEBUG      Performing scan #14 at revisit 1.
2020-07-04 08:22:26,232   pi_pact      DEBUG      Performing scan #15 at revisit 1.
2020-07-04 08:22:27,602   pi_pact      DEBUG      Performing scan #16 at revisit 1.
2020-07-04 08:22:28,146   pi_pact      DEBUG      Performing scan #17 at revisit 1.
2020-07-04 08:22:30,151   pi_pact      DEBUG      Performing scan #18 at revisit 1.
2020-07-04 08:22:32,156   pi_pact      DEBUG      Performing scan #19 at revisit 1.
2020-07-04 08:22:33,041   pi_pact      DEBUG      Performing scan #20 at revisit 1.
2020-07-04 08:22:34,132   pi_pact      DEBUG      Performing scan #21 at revisit 1.
2020-07-04 08:22:35,228   pi_pact      DEBUG      Performing scan #22 at revisit 1.
2020-07-04 08:22:36,051   pi_pact      DEBUG      Performing scan #23 at revisit 1.
2020-07-04 08:22:37,201   pi_pact      DEBUG      Performing scan #24 at revisit 1.
2020-07-04 08:22:39,052   pi_pact      DEBUG      Performing scan #25 at revisit 1.
2020-07-04 08:22:41,056   pi_pact      DEBUG      Performing scan #26 at revisit 1.
2020-07-04 08:22:43,061   pi_pact      DEBUG      Performing scan #27 at revisit 1.
2020-07-04 08:22:44,376   pi_pact      DEBUG      Performing scan #28 at revisit 1.
2020-07-04 08:22:46,287   pi_pact      DEBUG      Performing scan #29 at revisit 1.
2020-07-04 08:22:47,577   pi_pact      DEBUG      Performing scan #30 at revisit 1.
2020-07-04 08:22:48,052   pi_pact      DEBUG      Performing scan #31 at revisit 1.
2020-07-04 08:22:49,337   pi_pact      DEBUG      Performing scan #32 at revisit 1.
2020-07-04 08:22:50,150   pi_pact      DEBUG      Performing scan #33 at revisit 1.
2020-07-04 08:22:51,443   pi_pact      DEBUG      Performing scan #34 at revisit 1.
2020-07-04 08:22:52,734   pi_pact      DEBUG      Performing scan #35 at revisit 1.
2020-07-04 08:22:53,185   pi_pact      DEBUG      Performing scan #36 at revisit 1.
2020-07-04 08:22:54,011   pi_pact      DEBUG      Performing scan #37 at revisit 1.
2020-07-04 08:22:55,090   pi_pact      DEBUG      Performing scan #38 at revisit 1.
2020-07-04 08:22:56,607   pi_pact      DEBUG      Performing scan #39 at revisit 1.
2020-07-04 08:22:57,805   pi_pact      DEBUG      Performing scan #40 at revisit 1.
2020-07-04 08:22:58,054   pi_pact      DEBUG      Performing scan #41 at revisit 1.
2020-07-04 08:22:59,195   pi_pact      DEBUG      Performing scan #42 at revisit 1.
2020-07-04 08:23:00,487   pi_pact      DEBUG      Performing scan #43 at revisit 1.
2020-07-04 08:23:01,674   pi_pact      DEBUG      Performing scan #44 at revisit 1.
2020-07-04 08:23:03,679   pi_pact      DEBUG      Performing scan #45 at revisit 1.
2020-07-04 08:23:04,061   pi_pact      DEBUG      Performing scan #46 at revisit 1.
2020-07-04 08:23:06,065   pi_pact      DEBUG      Performing scan #47 at revisit 1.
2020-07-04 08:23:08,063   pi_pact      DEBUG      Performing scan #48 at revisit 1.
2020-07-04 08:23:10,067   pi_pact      DEBUG      Performing scan #49 at revisit 1.
2020-07-04 08:23:11,130   pi_pact      DEBUG      Performing scan #50 at revisit 1.
2020-07-04 08:23:12,087   pi_pact      DEBUG      Performing scan #51 at revisit 1.
2020-07-04 08:23:13,375   pi_pact      DEBUG      Performing scan #52 at revisit 1.
2020-07-04 08:23:14,335   pi_pact      DEBUG      Performing scan #53 at revisit 1.
2020-07-04 08:23:15,701   pi_pact      DEBUG      Performing scan #54 at revisit 1.
2020-07-04 08:23:16,030   pi_pact      DEBUG      Performing scan #55 at revisit 1.
2020-07-04 08:23:17,251   pi_pact      DEBUG      Performing scan #56 at revisit 1.
2020-07-04 08:23:19,256   pi_pact      DEBUG      Performing scan #57 at revisit 1.
2020-07-04 08:23:20,120   pi_pact      DEBUG      Performing scan #58 at revisit 1.
2020-07-04 08:23:21,125   pi_pact      DEBUG      Performing scan #59 at revisit 1.
2020-07-04 08:23:22,020   pi_pact      DEBUG      Performing scan #60 at revisit 1.
2020-07-04 08:23:23,121   pi_pact      DEBUG      Performing scan #61 at revisit 1.
2020-07-04 08:23:24,211   pi_pact      DEBUG      Performing scan #62 at revisit 1.
2020-07-04 08:23:25,572   pi_pact      DEBUG      Performing scan #63 at revisit 1.
2020-07-04 08:23:26,091   pi_pact      DEBUG      Performing scan #64 at revisit 1.
2020-07-04 08:23:27,987   pi_pact      DEBUG      Performing scan #65 at revisit 1.
2020-07-04 08:23:28,005   pi_pact      DEBUG      Performing scan #66 at revisit 1.
2020-07-04 08:23:30,010   pi_pact      DEBUG      Performing scan #67 at revisit 1.
2020-07-04 08:23:32,015   pi_pact      DEBUG      Performing scan #68 at revisit 1.
2020-07-04 08:23:33,379   pi_pact      DEBUG      Performing scan #69 at revisit 1.
2020-07-04 08:23:34,013   pi_pact      DEBUG      Performing scan #70 at revisit 1.
2020-07-04 08:23:35,307   pi_pact      DEBUG      Performing scan #71 at revisit 1.
2020-07-04 08:23:37,312   pi_pact      DEBUG      Performing scan #72 at revisit 1.
2020-07-04 08:23:38,115   pi_pact      DEBUG      Performing scan #73 at revisit 1.
2020-07-04 08:23:39,150   pi_pact      DEBUG      Performing scan #74 at revisit 1.
2020-07-04 08:23:41,154   pi_pact      DEBUG      Performing scan #75 at revisit 1.
2020-07-04 08:23:43,035   pi_pact      DEBUG      Performing scan #76 at revisit 1.
2020-07-04 08:23:44,014   pi_pact      DEBUG      Performing scan #77 at revisit 1.
2020-07-04 08:23:45,659   pi_pact      DEBUG      Performing scan #78 at revisit 1.
2020-07-04 08:23:46,914   pi_pact      DEBUG      Performing scan #79 at revisit 1.
2020-07-04 08:23:47,033   pi_pact      DEBUG      Performing scan #80 at revisit 1.
2020-07-04 08:23:48,202   pi_pact      DEBUG      Performing scan #81 at revisit 1.
2020-07-04 08:23:49,202   pi_pact      DEBUG      Performing scan #82 at revisit 1.
2020-07-04 08:23:50,294   pi_pact      DEBUG      Performing scan #83 at revisit 1.
2020-07-04 08:23:51,674   pi_pact      DEBUG      Performing scan #84 at revisit 1.
2020-07-04 08:23:52,082   pi_pact      DEBUG      Performing scan #85 at revisit 1.
2020-07-04 08:23:53,336   pi_pact      DEBUG      Performing scan #86 at revisit 1.
2020-07-04 08:23:54,439   pi_pact      DEBUG      Performing scan #87 at revisit 1.
2020-07-04 08:23:56,072   pi_pact      DEBUG      Performing scan #88 at revisit 1.
2020-07-04 08:23:57,175   pi_pact      DEBUG      Performing scan #89 at revisit 1.
2020-07-04 08:23:58,134   pi_pact      DEBUG      Performing scan #90 at revisit 1.
2020-07-04 08:23:59,725   pi_pact      DEBUG      Performing scan #91 at revisit 1.
2020-07-04 08:24:00,073   pi_pact      DEBUG      Performing scan #92 at revisit 1.
2020-07-04 08:24:01,111   pi_pact      DEBUG      Performing scan #93 at revisit 1.
2020-07-04 08:24:02,239   pi_pact      DEBUG      Performing scan #94 at revisit 1.
2020-07-04 08:24:03,053   pi_pact      DEBUG      Performing scan #95 at revisit 1.
2020-07-04 08:24:04,142   pi_pact      DEBUG      Performing scan #96 at revisit 1.
2020-07-04 08:24:06,147   pi_pact      DEBUG      Performing scan #97 at revisit 1.
2020-07-04 08:24:07,369   pi_pact      DEBUG      Performing scan #98 at revisit 1.
2020-07-04 08:24:08,141   pi_pact      DEBUG      Performing scan #99 at revisit 1.
2020-07-04 08:24:09,499   pi_pact      DEBUG      Performing scan #100 at revisit 1.
2020-07-04 08:24:10,133   pi_pact      DEBUG      Performing scan #101 at revisit 1.
2020-07-04 08:24:11,424   pi_pact      DEBUG      Performing scan #102 at revisit 1.
2020-07-04 08:24:12,716   pi_pact      DEBUG      Performing scan #103 at revisit 1.
2020-07-04 08:24:13,701   pi_pact      DEBUG      Performing scan #104 at revisit 1.
2020-07-04 08:24:14,003   pi_pact      DEBUG      Performing scan #105 at revisit 1.
2020-07-04 08:24:15,909   pi_pact      DEBUG      Performing scan #106 at revisit 1.
2020-07-04 08:24:16,239   pi_pact      DEBUG      Performing scan #107 at revisit 1.
2020-07-04 08:24:17,092   pi_pact      DEBUG      Performing scan #108 at revisit 1.
2020-07-04 08:24:18,145   pi_pact      DEBUG      Performing scan #109 at revisit 1.
2020-07-04 08:24:19,173   pi_pact      DEBUG      Performing scan #110 at revisit 1.
2020-07-04 08:24:20,463   pi_pact      DEBUG      Performing scan #111 at revisit 1.
2020-07-04 08:24:21,746   pi_pact      DEBUG      Performing scan #112 at revisit 1.
2020-07-04 08:24:22,061   pi_pact      DEBUG      Performing scan #113 at revisit 1.
2020-07-04 08:24:23,034   pi_pact      DEBUG      Performing scan #114 at revisit 1.
2020-07-04 08:24:24,326   pi_pact      DEBUG      Performing scan #115 at revisit 1.
2020-07-04 08:24:25,614   pi_pact      DEBUG      Performing scan #116 at revisit 1.
2020-07-04 08:24:26,051   pi_pact      DEBUG      Performing scan #117 at revisit 1.
2020-07-04 08:24:27,179   pi_pact      DEBUG      Performing scan #118 at revisit 1.
2020-07-04 08:24:28,079   pi_pact      DEBUG      Performing scan #119 at revisit 1.
2020-07-04 08:24:29,029   pi_pact      DEBUG      Performing scan #120 at revisit 1.
2020-07-04 08:24:30,659   pi_pact      DEBUG      Performing scan #121 at revisit 1.
2020-07-04 08:24:31,483   pi_pact      DEBUG      Performing scan #122 at revisit 1.
2020-07-04 08:24:32,063   pi_pact      DEBUG      Performing scan #123 at revisit 1.
2020-07-04 08:24:33,357   pi_pact      DEBUG      Performing scan #124 at revisit 1.
2020-07-04 08:24:35,362   pi_pact      DEBUG      Performing scan #125 at revisit 1.
2020-07-04 08:24:36,359   pi_pact      DEBUG      Performing scan #126 at revisit 1.
2020-07-04 08:24:37,233   pi_pact      DEBUG      Performing scan #127 at revisit 1.
2020-07-04 08:24:38,184   pi_pact      DEBUG      Performing scan #128 at revisit 1.
2020-07-04 08:24:39,083   pi_pact      DEBUG      Performing scan #129 at revisit 1.
2020-07-04 08:24:41,088   pi_pact      DEBUG      Performing scan #130 at revisit 1.
2020-07-04 08:24:42,017   pi_pact      DEBUG      Performing scan #131 at revisit 1.
2020-07-04 08:24:43,386   pi_pact      DEBUG      Performing scan #132 at revisit 1.
2020-07-04 08:24:44,493   pi_pact      DEBUG      Performing scan #133 at revisit 1.
2020-07-04 08:24:45,326   pi_pact      DEBUG      Performing scan #134 at revisit 1.
2020-07-04 08:24:46,253   pi_pact      DEBUG      Performing scan #135 at revisit 1.
2020-07-04 08:24:47,545   pi_pact      DEBUG      Performing scan #136 at revisit 1.
2020-07-04 08:24:48,325   pi_pact      DEBUG      Performing scan #137 at revisit 1.
2020-07-04 08:24:49,419   pi_pact      DEBUG      Performing scan #138 at revisit 1.
2020-07-04 08:24:50,782   pi_pact      DEBUG      Performing scan #139 at revisit 1.
2020-07-04 08:24:51,107   pi_pact      DEBUG      Performing scan #140 at revisit 1.
2020-07-04 08:24:52,202   pi_pact      DEBUG      Performing scan #141 at revisit 1.
2020-07-04 08:24:53,572   pi_pact      DEBUG      Performing scan #142 at revisit 1.
2020-07-04 08:24:54,398   pi_pact      DEBUG      Performing scan #143 at revisit 1.
2020-07-04 08:24:55,294   pi_pact      DEBUG      Performing scan #144 at revisit 1.
2020-07-04 08:24:56,209   pi_pact      DEBUG      Performing scan #145 at revisit 1.
2020-07-04 08:24:57,450   pi_pact      DEBUG      Performing scan #146 at revisit 1.
2020-07-04 08:24:58,197   pi_pact      DEBUG      Performing scan #147 at revisit 1.
2020-07-04 08:24:59,160   pi_pact      DEBUG      Performing scan #148 at revisit 1.
2020-07-04 08:25:01,165   pi_pact      DEBUG      Performing scan #149 at revisit 1.
2020-07-04 08:25:02,358   pi_pact      DEBUG      Performing scan #150 at revisit 1.
2020-07-04 08:25:03,023   pi_pact      DEBUG      Performing scan #151 at revisit 1.
2020-07-04 08:25:04,315   pi_pact      DEBUG      Performing scan #152 at revisit 1.
2020-07-04 08:25:05,390   pi_pact      DEBUG      Performing scan #153 at revisit 1.
2020-07-04 08:25:06,218   pi_pact      DEBUG      Performing scan #154 at revisit 1.
2020-07-04 08:25:07,590   pi_pact      DEBUG      Performing scan #155 at revisit 1.
2020-07-04 08:25:08,186   pi_pact      DEBUG      Performing scan #156 at revisit 1.
2020-07-04 08:25:09,250   pi_pact      DEBUG      Performing scan #157 at revisit 1.
2020-07-04 08:25:10,081   pi_pact      DEBUG      Performing scan #158 at revisit 1.
2020-07-04 08:25:12,086   pi_pact      DEBUG      Beacon scanner timed out.
2020-07-04 08:25:12,086   pi_pact      INFO       Stopping beacon scanner.
2020-07-04 08:26:14,625   pi_pact      DEBUG      Beacon configuration - {'control_file': 'advertiser_control', 'timeout': 20, 'uuid': '', 'major': 1, 'minor': 1, 'tx_power': 1, 'interval': 200}
2020-07-04 08:26:14,625   pi_pact      DEBUG      Scanner configuration - {'control_file': 'scanner_control', 'scan_prefix': 'jeanA_140.0_75_61', 'timeout': 180, 'revisit': 1, 'filters': {}}
2020-07-04 08:26:14,625   pi_pact      INFO       Beacon scanner mode selected.
2020-07-04 08:26:14,626   pi_pact      DEBUG      Using default beacon scanner configuration filters: {}.
2020-07-04 08:26:14,627   pi_pact      INFO       Initialized beacon scanner.
2020-07-04 08:26:14,632   pi_pact      INFO       Starting beacon scanner with timeout 180.
2020-07-04 08:26:14,632   pi_pact      DEBUG      Performing scan #1 at revisit 1.
2020-07-04 08:26:15,276   pi_pact      DEBUG      Performing scan #2 at revisit 1.
2020-07-04 08:26:16,005   pi_pact      DEBUG      Performing scan #3 at revisit 1.
2020-07-04 08:26:18,010   pi_pact      DEBUG      Performing scan #4 at revisit 1.
2020-07-04 08:26:19,019   pi_pact      DEBUG      Performing scan #5 at revisit 1.
2020-07-04 08:26:20,121   pi_pact      DEBUG      Performing scan #6 at revisit 1.
2020-07-04 08:26:21,492   pi_pact      DEBUG      Performing scan #7 at revisit 1.
2020-07-04 08:26:22,251   pi_pact      DEBUG      Performing scan #8 at revisit 1.
2020-07-04 08:26:23,200   pi_pact      DEBUG      Performing scan #9 at revisit 1.
2020-07-04 08:26:24,296   pi_pact      DEBUG      Performing scan #10 at revisit 1.
2020-07-04 08:26:25,512   pi_pact      DEBUG      Performing scan #11 at revisit 1.
2020-07-04 08:26:26,328   pi_pact      DEBUG      Performing scan #12 at revisit 1.
2020-07-04 08:26:27,251   pi_pact      DEBUG      Performing scan #13 at revisit 1.
2020-07-04 08:26:28,166   pi_pact      DEBUG      Performing scan #14 at revisit 1.
2020-07-04 08:26:29,052   pi_pact      DEBUG      Performing scan #15 at revisit 1.
2020-07-04 08:26:31,057   pi_pact      DEBUG      Performing scan #16 at revisit 1.
2020-07-04 08:26:32,046   pi_pact      DEBUG      Performing scan #17 at revisit 1.
2020-07-04 08:26:33,338   pi_pact      DEBUG      Performing scan #18 at revisit 1.
2020-07-04 08:26:34,136   pi_pact      DEBUG      Performing scan #19 at revisit 1.
2020-07-04 08:26:36,141   pi_pact      DEBUG      Performing scan #20 at revisit 1.
2020-07-04 08:26:38,146   pi_pact      DEBUG      Performing scan #21 at revisit 1.
2020-07-04 08:26:39,124   pi_pact      DEBUG      Performing scan #22 at revisit 1.
2020-07-04 08:26:41,129   pi_pact      DEBUG      Performing scan #23 at revisit 1.
2020-07-04 08:26:42,355   pi_pact      DEBUG      Performing scan #24 at revisit 1.
2020-07-04 08:26:43,314   pi_pact      DEBUG      Performing scan #25 at revisit 1.
2020-07-04 08:26:44,019   pi_pact      DEBUG      Performing scan #26 at revisit 1.
2020-07-04 08:26:45,100   pi_pact      DEBUG      Performing scan #27 at revisit 1.
2020-07-04 08:26:46,192   pi_pact      DEBUG      Performing scan #28 at revisit 1.
2020-07-04 08:26:47,617   pi_pact      DEBUG      Performing scan #29 at revisit 1.
2020-07-04 08:26:48,207   pi_pact      DEBUG      Performing scan #30 at revisit 1.
2020-07-04 08:26:50,212   pi_pact      DEBUG      Performing scan #31 at revisit 1.
2020-07-04 08:26:51,395   pi_pact      DEBUG      Performing scan #32 at revisit 1.
2020-07-04 08:26:52,193   pi_pact      DEBUG      Performing scan #33 at revisit 1.
2020-07-04 08:26:53,001   pi_pact      DEBUG      Performing scan #34 at revisit 1.
2020-07-04 08:26:55,006   pi_pact      DEBUG      Performing scan #35 at revisit 1.
2020-07-04 08:26:56,273   pi_pact      DEBUG      Performing scan #36 at revisit 1.
2020-07-04 08:26:57,364   pi_pact      DEBUG      Performing scan #37 at revisit 1.
2020-07-04 08:26:58,284   pi_pact      DEBUG      Performing scan #38 at revisit 1.
2020-07-04 08:26:59,101   pi_pact      DEBUG      Performing scan #39 at revisit 1.
2020-07-04 08:27:00,018   pi_pact      DEBUG      Performing scan #40 at revisit 1.
2020-07-04 08:27:01,276   pi_pact      DEBUG      Performing scan #41 at revisit 1.
2020-07-04 08:27:02,630   pi_pact      DEBUG      Performing scan #42 at revisit 1.
2020-07-04 08:27:04,286   pi_pact      DEBUG      Performing scan #43 at revisit 1.
2020-07-04 08:27:05,577   pi_pact      DEBUG      Performing scan #44 at revisit 1.
2020-07-04 08:27:06,331   pi_pact      DEBUG      Performing scan #45 at revisit 1.
2020-07-04 08:27:08,160   pi_pact      DEBUG      Performing scan #46 at revisit 1.
2020-07-04 08:27:09,432   pi_pact      DEBUG      Performing scan #47 at revisit 1.
2020-07-04 08:27:10,479   pi_pact      DEBUG      Performing scan #48 at revisit 1.
2020-07-04 08:27:12,040   pi_pact      DEBUG      Performing scan #49 at revisit 1.
2020-07-04 08:27:13,329   pi_pact      DEBUG      Performing scan #50 at revisit 1.
2020-07-04 08:27:14,047   pi_pact      DEBUG      Performing scan #51 at revisit 1.
2020-07-04 08:27:16,052   pi_pact      DEBUG      Performing scan #52 at revisit 1.
2020-07-04 08:27:17,190   pi_pact      DEBUG      Performing scan #53 at revisit 1.
2020-07-04 08:27:18,349   pi_pact      DEBUG      Performing scan #54 at revisit 1.
2020-07-04 08:27:19,034   pi_pact      DEBUG      Performing scan #55 at revisit 1.
2020-07-04 08:27:20,138   pi_pact      DEBUG      Performing scan #56 at revisit 1.
2020-07-04 08:27:21,054   pi_pact      DEBUG      Performing scan #57 at revisit 1.
2020-07-04 08:27:22,206   pi_pact      DEBUG      Performing scan #58 at revisit 1.
2020-07-04 08:27:24,114   pi_pact      DEBUG      Performing scan #59 at revisit 1.
2020-07-04 08:27:25,747   pi_pact      DEBUG      Performing scan #60 at revisit 1.
2020-07-04 08:27:26,218   pi_pact      DEBUG      Performing scan #61 at revisit 1.
2020-07-04 08:27:27,510   pi_pact      DEBUG      Performing scan #62 at revisit 1.
2020-07-04 08:27:28,378   pi_pact      DEBUG      Performing scan #63 at revisit 1.
2020-07-04 08:27:30,028   pi_pact      DEBUG      Performing scan #64 at revisit 1.
2020-07-04 08:27:31,947   pi_pact      DEBUG      Performing scan #65 at revisit 1.
2020-07-04 08:27:32,009   pi_pact      DEBUG      Performing scan #66 at revisit 1.
2020-07-04 08:27:33,314   pi_pact      DEBUG      Performing scan #67 at revisit 1.
2020-07-04 08:27:34,137   pi_pact      DEBUG      Performing scan #68 at revisit 1.
2020-07-04 08:27:35,243   pi_pact      DEBUG      Performing scan #69 at revisit 1.
2020-07-04 08:27:36,064   pi_pact      DEBUG      Performing scan #70 at revisit 1.
2020-07-04 08:27:37,171   pi_pact      DEBUG      Performing scan #71 at revisit 1.
2020-07-04 08:27:38,273   pi_pact      DEBUG      Performing scan #72 at revisit 1.
2020-07-04 08:27:39,114   pi_pact      DEBUG      Performing scan #73 at revisit 1.
2020-07-04 08:27:40,403   pi_pact      DEBUG      Performing scan #74 at revisit 1.
2020-07-04 08:27:41,231   pi_pact      DEBUG      Performing scan #75 at revisit 1.
2020-07-04 08:27:42,123   pi_pact      DEBUG      Performing scan #76 at revisit 1.
2020-07-04 08:27:43,135   pi_pact      DEBUG      Performing scan #77 at revisit 1.
2020-07-04 08:27:44,276   pi_pact      DEBUG      Performing scan #78 at revisit 1.
2020-07-04 08:27:45,316   pi_pact      DEBUG      Performing scan #79 at revisit 1.
2020-07-04 08:27:46,943   pi_pact      DEBUG      Performing scan #80 at revisit 1.
2020-07-04 08:27:47,007   pi_pact      DEBUG      Performing scan #81 at revisit 1.
2020-07-04 08:27:48,419   pi_pact      DEBUG      Performing scan #82 at revisit 1.
2020-07-04 08:27:49,396   pi_pact      DEBUG      Performing scan #83 at revisit 1.
2020-07-04 08:27:50,087   pi_pact      DEBUG      Performing scan #84 at revisit 1.
2020-07-04 08:27:51,129   pi_pact      DEBUG      Performing scan #85 at revisit 1.
2020-07-04 08:27:52,017   pi_pact      DEBUG      Performing scan #86 at revisit 1.
2020-07-04 08:27:53,316   pi_pact      DEBUG      Performing scan #87 at revisit 1.
2020-07-04 08:27:54,019   pi_pact      DEBUG      Performing scan #88 at revisit 1.
2020-07-04 08:27:56,023   pi_pact      DEBUG      Performing scan #89 at revisit 1.
2020-07-04 08:27:57,179   pi_pact      DEBUG      Performing scan #90 at revisit 1.
2020-07-04 08:27:58,096   pi_pact      DEBUG      Performing scan #91 at revisit 1.
2020-07-04 08:27:59,456   pi_pact      DEBUG      Performing scan #92 at revisit 1.
2020-07-04 08:28:00,275   pi_pact      DEBUG      Performing scan #93 at revisit 1.
2020-07-04 08:28:01,050   pi_pact      DEBUG      Performing scan #94 at revisit 1.
2020-07-04 08:28:03,058   pi_pact      DEBUG      Performing scan #95 at revisit 1.
2020-07-04 08:28:04,349   pi_pact      DEBUG      Performing scan #96 at revisit 1.
2020-07-04 08:28:05,522   pi_pact      DEBUG      Performing scan #97 at revisit 1.
2020-07-04 08:28:06,212   pi_pact      DEBUG      Performing scan #98 at revisit 1.
2020-07-04 08:28:08,216   pi_pact      DEBUG      Performing scan #99 at revisit 1.
2020-07-04 08:28:10,221   pi_pact      DEBUG      Performing scan #100 at revisit 1.
2020-07-04 08:28:11,379   pi_pact      DEBUG      Performing scan #101 at revisit 1.
2020-07-04 08:28:12,124   pi_pact      DEBUG      Performing scan #102 at revisit 1.
2020-07-04 08:28:13,767   pi_pact      DEBUG      Performing scan #103 at revisit 1.
2020-07-04 08:28:14,029   pi_pact      DEBUG      Performing scan #104 at revisit 1.
2020-07-04 08:28:15,238   pi_pact      DEBUG      Performing scan #105 at revisit 1.
2020-07-04 08:28:16,308   pi_pact      DEBUG      Performing scan #106 at revisit 1.
2020-07-04 08:28:18,313   pi_pact      DEBUG      Performing scan #107 at revisit 1.
2020-07-04 08:28:19,106   pi_pact      DEBUG      Performing scan #108 at revisit 1.
2020-07-04 08:28:21,115   pi_pact      DEBUG      Performing scan #109 at revisit 1.
2020-07-04 08:28:23,120   pi_pact      DEBUG      Performing scan #110 at revisit 1.
2020-07-04 08:28:24,268   pi_pact      DEBUG      Performing scan #111 at revisit 1.
2020-07-04 08:28:25,287   pi_pact      DEBUG      Performing scan #112 at revisit 1.
2020-07-04 08:28:26,984   pi_pact      DEBUG      Performing scan #113 at revisit 1.
2020-07-04 08:28:27,031   pi_pact      DEBUG      Performing scan #114 at revisit 1.
2020-07-04 08:28:28,146   pi_pact      DEBUG      Performing scan #115 at revisit 1.
2020-07-04 08:28:29,089   pi_pact      DEBUG      Performing scan #116 at revisit 1.
2020-07-04 08:28:30,011   pi_pact      DEBUG      Performing scan #117 at revisit 1.
2020-07-04 08:28:31,385   pi_pact      DEBUG      Performing scan #118 at revisit 1.
2020-07-04 08:28:32,015   pi_pact      DEBUG      Performing scan #119 at revisit 1.
2020-07-04 08:28:33,027   pi_pact      DEBUG      Performing scan #120 at revisit 1.
2020-07-04 08:28:34,589   pi_pact      DEBUG      Performing scan #121 at revisit 1.
2020-07-04 08:28:35,472   pi_pact      DEBUG      Performing scan #122 at revisit 1.
2020-07-04 08:28:36,012   pi_pact      DEBUG      Performing scan #123 at revisit 1.
2020-07-04 08:28:37,099   pi_pact      DEBUG      Performing scan #124 at revisit 1.
2020-07-04 08:28:38,857   pi_pact      DEBUG      Performing scan #125 at revisit 1.
2020-07-04 08:28:39,020   pi_pact      DEBUG      Performing scan #126 at revisit 1.
2020-07-04 08:28:41,026   pi_pact      DEBUG      Performing scan #127 at revisit 1.
2020-07-04 08:28:42,120   pi_pact      DEBUG      Performing scan #128 at revisit 1.
2020-07-04 08:28:44,126   pi_pact      DEBUG      Performing scan #129 at revisit 1.
2020-07-04 08:28:46,131   pi_pact      DEBUG      Performing scan #130 at revisit 1.
2020-07-04 08:28:48,111   pi_pact      DEBUG      Performing scan #131 at revisit 1.
2020-07-04 08:28:49,517   pi_pact      DEBUG      Performing scan #132 at revisit 1.
2020-07-04 08:28:50,083   pi_pact      DEBUG      Performing scan #133 at revisit 1.
2020-07-04 08:28:51,369   pi_pact      DEBUG      Performing scan #134 at revisit 1.
2020-07-04 08:28:53,372   pi_pact      DEBUG      Performing scan #135 at revisit 1.
2020-07-04 08:28:54,081   pi_pact      DEBUG      Performing scan #136 at revisit 1.
2020-07-04 08:28:55,229   pi_pact      DEBUG      Performing scan #137 at revisit 1.
2020-07-04 08:28:56,119   pi_pact      DEBUG      Performing scan #138 at revisit 1.
2020-07-04 08:28:57,062   pi_pact      DEBUG      Performing scan #139 at revisit 1.
2020-07-04 08:28:58,504   pi_pact      DEBUG      Performing scan #140 at revisit 1.
2020-07-04 08:28:59,102   pi_pact      DEBUG      Performing scan #141 at revisit 1.
2020-07-04 08:29:00,046   pi_pact      DEBUG      Performing scan #142 at revisit 1.
2020-07-04 08:29:02,051   pi_pact      DEBUG      Performing scan #143 at revisit 1.
2020-07-04 08:29:04,057   pi_pact      DEBUG      Performing scan #144 at revisit 1.
2020-07-04 08:29:05,127   pi_pact      DEBUG      Performing scan #145 at revisit 1.
2020-07-04 08:29:06,854   pi_pact      DEBUG      Performing scan #146 at revisit 1.
2020-07-04 08:29:07,019   pi_pact      DEBUG      Performing scan #147 at revisit 1.
2020-07-04 08:29:08,142   pi_pact      DEBUG      Performing scan #148 at revisit 1.
2020-07-04 08:29:09,434   pi_pact      DEBUG      Performing scan #149 at revisit 1.
2020-07-04 08:29:10,107   pi_pact      DEBUG      Performing scan #150 at revisit 1.
2020-07-04 08:29:11,737   pi_pact      DEBUG      Performing scan #151 at revisit 1.
2020-07-04 08:29:12,090   pi_pact      DEBUG      Performing scan #152 at revisit 1.
2020-07-04 08:29:13,191   pi_pact      DEBUG      Performing scan #153 at revisit 1.
2020-07-04 08:29:14,568   pi_pact      DEBUG      Performing scan #154 at revisit 1.
2020-07-04 08:29:15,675   pi_pact      DEBUG      Beacon scanner timed out.
2020-07-04 08:29:15,676   pi_pact      INFO       Stopping beacon scanner.
2020-07-04 08:29:42,347   pi_pact      DEBUG      Beacon configuration - {'control_file': 'advertiser_control', 'timeout': 20, 'uuid': '', 'major': 1, 'minor': 1, 'tx_power': 1, 'interval': 200}
2020-07-04 08:29:42,348   pi_pact      DEBUG      Scanner configuration - {'control_file': 'scanner_control', 'scan_prefix': 'jeanA_136.5_75_61', 'timeout': 180, 'revisit': 1, 'filters': {}}
2020-07-04 08:29:42,348   pi_pact      INFO       Beacon scanner mode selected.
2020-07-04 08:29:42,349   pi_pact      DEBUG      Using default beacon scanner configuration filters: {}.
2020-07-04 08:29:42,349   pi_pact      INFO       Initialized beacon scanner.
2020-07-04 08:29:42,352   pi_pact      INFO       Starting beacon scanner with timeout 180.
2020-07-04 08:29:42,353   pi_pact      DEBUG      Performing scan #1 at revisit 1.
2020-07-04 08:29:43,270   pi_pact      DEBUG      Performing scan #2 at revisit 1.
2020-07-04 08:29:45,166   pi_pact      DEBUG      Performing scan #3 at revisit 1.
2020-07-04 08:29:46,211   pi_pact      DEBUG      Performing scan #4 at revisit 1.
2020-07-04 08:29:47,853   pi_pact      DEBUG      Performing scan #5 at revisit 1.
2020-07-04 08:29:48,085   pi_pact      DEBUG      Performing scan #6 at revisit 1.
2020-07-04 08:29:49,171   pi_pact      DEBUG      Performing scan #7 at revisit 1.
2020-07-04 08:29:50,260   pi_pact      DEBUG      Performing scan #8 at revisit 1.
2020-07-04 08:29:51,619   pi_pact      DEBUG      Performing scan #9 at revisit 1.
2020-07-04 08:29:52,164   pi_pact      DEBUG      Performing scan #10 at revisit 1.
2020-07-04 08:29:53,282   pi_pact      DEBUG      Performing scan #11 at revisit 1.
2020-07-04 08:29:54,574   pi_pact      DEBUG      Performing scan #12 at revisit 1.
2020-07-04 08:29:55,760   pi_pact      DEBUG      Performing scan #13 at revisit 1.
2020-07-04 08:29:56,644   pi_pact      DEBUG      Performing scan #14 at revisit 1.
2020-07-04 08:29:57,154   pi_pact      DEBUG      Performing scan #15 at revisit 1.
2020-07-04 08:29:58,021   pi_pact      DEBUG      Performing scan #16 at revisit 1.
2020-07-04 08:30:00,026   pi_pact      DEBUG      Performing scan #17 at revisit 1.
2020-07-04 08:30:01,064   pi_pact      DEBUG      Performing scan #18 at revisit 1.
2020-07-04 08:30:03,069   pi_pact      DEBUG      Performing scan #19 at revisit 1.
2020-07-04 08:30:04,098   pi_pact      DEBUG      Performing scan #20 at revisit 1.
2020-07-04 08:30:05,822   pi_pact      DEBUG      Performing scan #21 at revisit 1.
2020-07-04 08:30:06,027   pi_pact      DEBUG      Performing scan #22 at revisit 1.
2020-07-04 08:30:07,119   pi_pact      DEBUG      Performing scan #23 at revisit 1.
2020-07-04 08:30:08,585   pi_pact      DEBUG      Performing scan #24 at revisit 1.
2020-07-04 08:30:09,024   pi_pact      DEBUG      Performing scan #25 at revisit 1.
2020-07-04 08:30:11,029   pi_pact      DEBUG      Performing scan #26 at revisit 1.
2020-07-04 08:30:12,335   pi_pact      DEBUG      Performing scan #27 at revisit 1.
2020-07-04 08:30:13,440   pi_pact      DEBUG      Performing scan #28 at revisit 1.
2020-07-04 08:30:14,515   pi_pact      DEBUG      Performing scan #29 at revisit 1.
2020-07-04 08:30:15,081   pi_pact      DEBUG      Performing scan #30 at revisit 1.
2020-07-04 08:30:16,450   pi_pact      DEBUG      Performing scan #31 at revisit 1.
2020-07-04 08:30:17,243   pi_pact      DEBUG      Performing scan #32 at revisit 1.
2020-07-04 08:30:19,249   pi_pact      DEBUG      Performing scan #33 at revisit 1.
2020-07-04 08:30:21,254   pi_pact      DEBUG      Performing scan #34 at revisit 1.
2020-07-04 08:30:23,224   pi_pact      DEBUG      Performing scan #35 at revisit 1.
2020-07-04 08:30:24,123   pi_pact      DEBUG      Performing scan #36 at revisit 1.
2020-07-04 08:30:25,221   pi_pact      DEBUG      Performing scan #37 at revisit 1.
2020-07-04 08:30:27,227   pi_pact      DEBUG      Performing scan #38 at revisit 1.
2020-07-04 08:30:28,124   pi_pact      DEBUG      Performing scan #39 at revisit 1.
2020-07-04 08:30:29,407   pi_pact      DEBUG      Performing scan #40 at revisit 1.
2020-07-04 08:30:30,698   pi_pact      DEBUG      Performing scan #41 at revisit 1.
2020-07-04 08:30:31,260   pi_pact      DEBUG      Performing scan #42 at revisit 1.
2020-07-04 08:30:32,624   pi_pact      DEBUG      Performing scan #43 at revisit 1.
2020-07-04 08:30:33,809   pi_pact      DEBUG      Performing scan #44 at revisit 1.
2020-07-04 08:30:34,007   pi_pact      DEBUG      Performing scan #45 at revisit 1.
2020-07-04 08:30:35,856   pi_pact      DEBUG      Performing scan #46 at revisit 1.
2020-07-04 08:30:36,202   pi_pact      DEBUG      Performing scan #47 at revisit 1.
2020-07-04 08:30:37,146   pi_pact      DEBUG      Performing scan #48 at revisit 1.
2020-07-04 08:30:38,132   pi_pact      DEBUG      Performing scan #49 at revisit 1.
2020-07-04 08:30:40,060   pi_pact      DEBUG      Performing scan #50 at revisit 1.
2020-07-04 08:30:41,018   pi_pact      DEBUG      Performing scan #51 at revisit 1.
2020-07-04 08:30:42,170   pi_pact      DEBUG      Performing scan #52 at revisit 1.
2020-07-04 08:30:43,526   pi_pact      DEBUG      Performing scan #53 at revisit 1.
2020-07-04 08:30:45,531   pi_pact      DEBUG      Performing scan #54 at revisit 1.
2020-07-04 08:30:46,125   pi_pact      DEBUG      Performing scan #55 at revisit 1.
2020-07-04 08:30:47,655   pi_pact      DEBUG      Performing scan #56 at revisit 1.
2020-07-04 08:30:48,142   pi_pact      DEBUG      Performing scan #57 at revisit 1.
2020-07-04 08:30:49,963   pi_pact      DEBUG      Performing scan #58 at revisit 1.
2020-07-04 08:30:50,049   pi_pact      DEBUG      Performing scan #59 at revisit 1.
2020-07-04 08:30:51,066   pi_pact      DEBUG      Performing scan #60 at revisit 1.
2020-07-04 08:30:52,174   pi_pact      DEBUG      Performing scan #61 at revisit 1.
2020-07-04 08:30:53,001   pi_pact      DEBUG      Performing scan #62 at revisit 1.
2020-07-04 08:30:55,007   pi_pact      DEBUG      Performing scan #63 at revisit 1.
2020-07-04 08:30:56,050   pi_pact      DEBUG      Performing scan #64 at revisit 1.
2020-07-04 08:30:57,717   pi_pact      DEBUG      Performing scan #65 at revisit 1.
2020-07-04 08:30:58,017   pi_pact      DEBUG      Performing scan #66 at revisit 1.
2020-07-04 08:30:59,075   pi_pact      DEBUG      Performing scan #67 at revisit 1.
2020-07-04 08:31:00,366   pi_pact      DEBUG      Performing scan #68 at revisit 1.
2020-07-04 08:31:01,797   pi_pact      DEBUG      Performing scan #69 at revisit 1.
2020-07-04 08:31:02,036   pi_pact      DEBUG      Performing scan #70 at revisit 1.
2020-07-04 08:31:04,041   pi_pact      DEBUG      Performing scan #71 at revisit 1.
2020-07-04 08:31:06,046   pi_pact      DEBUG      Performing scan #72 at revisit 1.
2020-07-04 08:31:08,051   pi_pact      DEBUG      Performing scan #73 at revisit 1.
2020-07-04 08:31:09,400   pi_pact      DEBUG      Performing scan #74 at revisit 1.
2020-07-04 08:31:10,222   pi_pact      DEBUG      Performing scan #75 at revisit 1.
2020-07-04 08:31:11,952   pi_pact      DEBUG      Performing scan #76 at revisit 1.
2020-07-04 08:31:12,058   pi_pact      DEBUG      Performing scan #77 at revisit 1.
2020-07-04 08:31:13,263   pi_pact      DEBUG      Performing scan #78 at revisit 1.
2020-07-04 08:31:14,413   pi_pact      DEBUG      Performing scan #79 at revisit 1.
2020-07-04 08:31:16,418   pi_pact      DEBUG      Performing scan #80 at revisit 1.
2020-07-04 08:31:17,001   pi_pact      DEBUG      Performing scan #81 at revisit 1.
2020-07-04 08:31:18,663   pi_pact      DEBUG      Performing scan #82 at revisit 1.
2020-07-04 08:31:19,645   pi_pact      DEBUG      Performing scan #83 at revisit 1.
2020-07-04 08:31:20,263   pi_pact      DEBUG      Performing scan #84 at revisit 1.
2020-07-04 08:31:21,078   pi_pact      DEBUG      Performing scan #85 at revisit 1.
2020-07-04 08:31:22,307   pi_pact      DEBUG      Performing scan #86 at revisit 1.
2020-07-04 08:31:23,528   pi_pact      DEBUG      Performing scan #87 at revisit 1.
2020-07-04 08:31:24,036   pi_pact      DEBUG      Performing scan #88 at revisit 1.
2020-07-04 08:31:25,434   pi_pact      DEBUG      Performing scan #89 at revisit 1.
2020-07-04 08:31:26,177   pi_pact      DEBUG      Performing scan #90 at revisit 1.
2020-07-04 08:31:27,462   pi_pact      DEBUG      Performing scan #91 at revisit 1.
2020-07-04 08:31:28,672   pi_pact      DEBUG      Performing scan #92 at revisit 1.
2020-07-04 08:31:29,216   pi_pact      DEBUG      Performing scan #93 at revisit 1.
2020-07-04 08:31:30,038   pi_pact      DEBUG      Performing scan #94 at revisit 1.
2020-07-04 08:31:31,135   pi_pact      DEBUG      Performing scan #95 at revisit 1.
2020-07-04 08:31:32,776   pi_pact      DEBUG      Performing scan #96 at revisit 1.
2020-07-04 08:31:33,119   pi_pact      DEBUG      Performing scan #97 at revisit 1.
2020-07-04 08:31:34,409   pi_pact      DEBUG      Performing scan #98 at revisit 1.
2020-07-04 08:31:35,197   pi_pact      DEBUG      Performing scan #99 at revisit 1.
2020-07-04 08:31:36,145   pi_pact      DEBUG      Performing scan #100 at revisit 1.
2020-07-04 08:31:37,125   pi_pact      DEBUG      Performing scan #101 at revisit 1.
2020-07-04 08:31:38,048   pi_pact      DEBUG      Performing scan #102 at revisit 1.
2020-07-04 08:31:39,071   pi_pact      DEBUG      Performing scan #103 at revisit 1.
2020-07-04 08:31:40,734   pi_pact      DEBUG      Performing scan #104 at revisit 1.
2020-07-04 08:31:41,658   pi_pact      DEBUG      Performing scan #105 at revisit 1.
2020-07-04 08:31:42,169   pi_pact      DEBUG      Performing scan #106 at revisit 1.
2020-07-04 08:31:43,267   pi_pact      DEBUG      Performing scan #107 at revisit 1.
2020-07-04 08:31:44,239   pi_pact      DEBUG      Performing scan #108 at revisit 1.
2020-07-04 08:31:45,528   pi_pact      DEBUG      Performing scan #109 at revisit 1.
2020-07-04 08:31:46,327   pi_pact      DEBUG      Performing scan #110 at revisit 1.
2020-07-04 08:31:47,664   pi_pact      DEBUG      Performing scan #111 at revisit 1.
2020-07-04 08:31:48,099   pi_pact      DEBUG      Performing scan #112 at revisit 1.
2020-07-04 08:31:49,976   pi_pact      DEBUG      Performing scan #113 at revisit 1.
2020-07-04 08:31:50,002   pi_pact      DEBUG      Performing scan #114 at revisit 1.
2020-07-04 08:31:51,066   pi_pact      DEBUG      Performing scan #115 at revisit 1.
2020-07-04 08:31:52,428   pi_pact      DEBUG      Performing scan #116 at revisit 1.
2020-07-04 08:31:53,258   pi_pact      DEBUG      Performing scan #117 at revisit 1.
2020-07-04 08:31:54,552   pi_pact      DEBUG      Performing scan #118 at revisit 1.
2020-07-04 08:31:55,361   pi_pact      DEBUG      Performing scan #119 at revisit 1.
2020-07-04 08:31:56,466   pi_pact      DEBUG      Performing scan #120 at revisit 1.
2020-07-04 08:31:57,128   pi_pact      DEBUG      Performing scan #121 at revisit 1.
2020-07-04 08:31:58,419   pi_pact      DEBUG      Performing scan #122 at revisit 1.
2020-07-04 08:32:00,424   pi_pact      DEBUG      Performing scan #123 at revisit 1.
2020-07-04 08:32:01,009   pi_pact      DEBUG      Performing scan #124 at revisit 1.
2020-07-04 08:32:02,302   pi_pact      DEBUG      Performing scan #125 at revisit 1.
2020-07-04 08:32:03,020   pi_pact      DEBUG      Performing scan #126 at revisit 1.
2020-07-04 08:32:04,924   pi_pact      DEBUG      Performing scan #127 at revisit 1.
2020-07-04 08:32:05,025   pi_pact      DEBUG      Performing scan #128 at revisit 1.
2020-07-04 08:32:07,030   pi_pact      DEBUG      Performing scan #129 at revisit 1.
2020-07-04 08:32:08,741   pi_pact      DEBUG      Performing scan #130 at revisit 1.
2020-07-04 08:32:10,031   pi_pact      DEBUG      Performing scan #131 at revisit 1.
2020-07-04 08:32:11,319   pi_pact      DEBUG      Performing scan #132 at revisit 1.
2020-07-04 08:32:12,611   pi_pact      DEBUG      Performing scan #133 at revisit 1.
2020-07-04 08:32:13,551   pi_pact      DEBUG      Performing scan #134 at revisit 1.
2020-07-04 08:32:14,097   pi_pact      DEBUG      Performing scan #135 at revisit 1.
2020-07-04 08:32:16,102   pi_pact      DEBUG      Performing scan #136 at revisit 1.
2020-07-04 08:32:18,107   pi_pact      DEBUG      Performing scan #137 at revisit 1.
2020-07-04 08:32:20,112   pi_pact      DEBUG      Performing scan #138 at revisit 1.
2020-07-04 08:32:21,241   pi_pact      DEBUG      Performing scan #139 at revisit 1.
2020-07-04 08:32:23,250   pi_pact      DEBUG      Performing scan #140 at revisit 1.
2020-07-04 08:32:24,227   pi_pact      DEBUG      Performing scan #141 at revisit 1.
2020-07-04 08:32:25,085   pi_pact      DEBUG      Performing scan #142 at revisit 1.
2020-07-04 08:32:26,186   pi_pact      DEBUG      Performing scan #143 at revisit 1.
2020-07-04 08:32:27,276   pi_pact      DEBUG      Performing scan #144 at revisit 1.
2020-07-04 08:32:28,090   pi_pact      DEBUG      Performing scan #145 at revisit 1.
2020-07-04 08:32:29,130   pi_pact      DEBUG      Performing scan #146 at revisit 1.
2020-07-04 08:32:31,135   pi_pact      DEBUG      Performing scan #147 at revisit 1.
2020-07-04 08:32:32,507   pi_pact      DEBUG      Performing scan #148 at revisit 1.
2020-07-04 08:32:33,254   pi_pact      DEBUG      Performing scan #149 at revisit 1.
2020-07-04 08:32:34,542   pi_pact      DEBUG      Performing scan #150 at revisit 1.
2020-07-04 08:32:35,567   pi_pact      DEBUG      Performing scan #151 at revisit 1.
2020-07-04 08:32:36,478   pi_pact      DEBUG      Performing scan #152 at revisit 1.
2020-07-04 08:32:38,116   pi_pact      DEBUG      Performing scan #153 at revisit 1.
2020-07-04 08:32:39,208   pi_pact      DEBUG      Performing scan #154 at revisit 1.
2020-07-04 08:32:40,027   pi_pact      DEBUG      Performing scan #155 at revisit 1.
2020-07-04 08:32:41,002   pi_pact      DEBUG      Performing scan #156 at revisit 1.
2020-07-04 08:32:42,294   pi_pact      DEBUG      Performing scan #157 at revisit 1.
2020-07-04 08:32:43,198   pi_pact      DEBUG      Beacon scanner timed out.
2020-07-04 08:32:43,199   pi_pact      INFO       Stopping beacon scanner.
2020-07-04 08:33:29,370   pi_pact      DEBUG      Beacon configuration - {'control_file': 'advertiser_control', 'timeout': 20, 'uuid': '', 'major': 1, 'minor': 1, 'tx_power': 1, 'interval': 200}
2020-07-04 08:33:29,370   pi_pact      DEBUG      Scanner configuration - {'control_file': 'scanner_control', 'scan_prefix': 'jeanA_133.0_75_61', 'timeout': 180, 'revisit': 1, 'filters': {}}
2020-07-04 08:33:29,370   pi_pact      INFO       Beacon scanner mode selected.
2020-07-04 08:33:29,371   pi_pact      DEBUG      Using default beacon scanner configuration filters: {}.
2020-07-04 08:33:29,372   pi_pact      INFO       Initialized beacon scanner.
2020-07-04 08:33:29,375   pi_pact      INFO       Starting beacon scanner with timeout 180.
2020-07-04 08:33:29,375   pi_pact      DEBUG      Performing scan #1 at revisit 1.
2020-07-04 08:33:30,012   pi_pact      DEBUG      Performing scan #2 at revisit 1.
2020-07-04 08:33:31,042   pi_pact      DEBUG      Performing scan #3 at revisit 1.
2020-07-04 08:33:32,130   pi_pact      DEBUG      Performing scan #4 at revisit 1.
2020-07-04 08:33:33,220   pi_pact      DEBUG      Performing scan #5 at revisit 1.
2020-07-04 08:33:34,040   pi_pact      DEBUG      Performing scan #6 at revisit 1.
2020-07-04 08:33:35,178   pi_pact      DEBUG      Performing scan #7 at revisit 1.
2020-07-04 08:33:37,183   pi_pact      DEBUG      Performing scan #8 at revisit 1.
2020-07-04 08:33:38,613   pi_pact      DEBUG      Performing scan #9 at revisit 1.
2020-07-04 08:33:39,057   pi_pact      DEBUG      Performing scan #10 at revisit 1.
2020-07-04 08:33:40,347   pi_pact      DEBUG      Performing scan #11 at revisit 1.
2020-07-04 08:33:41,361   pi_pact      DEBUG      Performing scan #12 at revisit 1.
2020-07-04 08:33:42,462   pi_pact      DEBUG      Performing scan #13 at revisit 1.
2020-07-04 08:33:43,676   pi_pact      DEBUG      Performing scan #14 at revisit 1.
2020-07-04 08:33:44,205   pi_pact      DEBUG      Performing scan #15 at revisit 1.
2020-07-04 08:33:45,498   pi_pact      DEBUG      Performing scan #16 at revisit 1.
2020-07-04 08:33:46,121   pi_pact      DEBUG      Performing scan #17 at revisit 1.
2020-07-04 08:33:47,402   pi_pact      DEBUG      Performing scan #18 at revisit 1.
2020-07-04 08:33:48,071   pi_pact      DEBUG      Performing scan #19 at revisit 1.
2020-07-04 08:33:49,363   pi_pact      DEBUG      Performing scan #20 at revisit 1.
2020-07-04 08:33:50,062   pi_pact      DEBUG      Performing scan #21 at revisit 1.
2020-07-04 08:33:51,253   pi_pact      DEBUG      Performing scan #22 at revisit 1.
2020-07-04 08:33:52,635   pi_pact      DEBUG      Performing scan #23 at revisit 1.
2020-07-04 08:33:53,238   pi_pact      DEBUG      Performing scan #24 at revisit 1.
2020-07-04 08:33:54,529   pi_pact      DEBUG      Performing scan #25 at revisit 1.
2020-07-04 08:33:55,629   pi_pact      DEBUG      Performing scan #26 at revisit 1.
2020-07-04 08:33:56,192   pi_pact      DEBUG      Performing scan #27 at revisit 1.
2020-07-04 08:33:57,116   pi_pact      DEBUG      Performing scan #28 at revisit 1.
2020-07-04 08:33:58,408   pi_pact      DEBUG      Performing scan #29 at revisit 1.
2020-07-04 08:33:59,483   pi_pact      DEBUG      Performing scan #30 at revisit 1.
2020-07-04 08:34:00,575   pi_pact      DEBUG      Performing scan #31 at revisit 1.
2020-07-04 08:34:01,340   pi_pact      DEBUG      Performing scan #32 at revisit 1.
2020-07-04 08:34:02,283   pi_pact      DEBUG      Performing scan #33 at revisit 1.
2020-07-04 08:34:03,556   pi_pact      DEBUG      Performing scan #34 at revisit 1.
2020-07-04 08:34:04,607   pi_pact      DEBUG      Performing scan #35 at revisit 1.
2020-07-04 08:34:05,282   pi_pact      DEBUG      Performing scan #36 at revisit 1.
2020-07-04 08:34:06,134   pi_pact      DEBUG      Performing scan #37 at revisit 1.
2020-07-04 08:34:07,422   pi_pact      DEBUG      Performing scan #38 at revisit 1.
2020-07-04 08:34:08,813   pi_pact      DEBUG      Performing scan #39 at revisit 1.
2020-07-04 08:34:09,059   pi_pact      DEBUG      Performing scan #40 at revisit 1.
2020-07-04 08:34:10,007   pi_pact      DEBUG      Performing scan #41 at revisit 1.
2020-07-04 08:34:11,297   pi_pact      DEBUG      Performing scan #42 at revisit 1.
2020-07-04 08:34:12,589   pi_pact      DEBUG      Performing scan #43 at revisit 1.
2020-07-04 08:34:13,320   pi_pact      DEBUG      Performing scan #44 at revisit 1.
2020-07-04 08:34:14,955   pi_pact      DEBUG      Performing scan #45 at revisit 1.
2020-07-04 08:34:15,012   pi_pact      DEBUG      Performing scan #46 at revisit 1.
2020-07-04 08:34:17,017   pi_pact      DEBUG      Performing scan #47 at revisit 1.
2020-07-04 08:34:18,324   pi_pact      DEBUG      Performing scan #48 at revisit 1.
2020-07-04 08:34:19,046   pi_pact      DEBUG      Performing scan #49 at revisit 1.
2020-07-04 08:34:20,333   pi_pact      DEBUG      Performing scan #50 at revisit 1.
2020-07-04 08:34:21,470   pi_pact      DEBUG      Performing scan #51 at revisit 1.
2020-07-04 08:34:22,910   pi_pact      DEBUG      Performing scan #52 at revisit 1.
2020-07-04 08:34:23,014   pi_pact      DEBUG      Performing scan #53 at revisit 1.
2020-07-04 08:34:24,198   pi_pact      DEBUG      Performing scan #54 at revisit 1.
2020-07-04 08:34:25,118   pi_pact      DEBUG      Performing scan #55 at revisit 1.
2020-07-04 08:34:26,369   pi_pact      DEBUG      Performing scan #56 at revisit 1.
2020-07-04 08:34:28,274   pi_pact      DEBUG      Performing scan #57 at revisit 1.
2020-07-04 08:34:29,906   pi_pact      DEBUG      Performing scan #58 at revisit 1.
2020-07-04 08:34:30,002   pi_pact      DEBUG      Performing scan #59 at revisit 1.
2020-07-04 08:34:31,106   pi_pact      DEBUG      Performing scan #60 at revisit 1.
2020-07-04 08:34:33,016   pi_pact      DEBUG      Performing scan #61 at revisit 1.
2020-07-04 08:34:34,256   pi_pact      DEBUG      Performing scan #62 at revisit 1.
2020-07-04 08:34:35,885   pi_pact      DEBUG      Performing scan #63 at revisit 1.
2020-07-04 08:34:36,077   pi_pact      DEBUG      Performing scan #64 at revisit 1.
2020-07-04 08:34:37,107   pi_pact      DEBUG      Performing scan #65 at revisit 1.
2020-07-04 08:34:38,958   pi_pact      DEBUG      Performing scan #66 at revisit 1.
2020-07-04 08:34:39,026   pi_pact      DEBUG      Performing scan #67 at revisit 1.
2020-07-04 08:34:41,031   pi_pact      DEBUG      Performing scan #68 at revisit 1.
2020-07-04 08:34:42,261   pi_pact      DEBUG      Performing scan #69 at revisit 1.
2020-07-04 08:34:43,186   pi_pact      DEBUG      Performing scan #70 at revisit 1.
2020-07-04 08:34:44,235   pi_pact      DEBUG      Performing scan #71 at revisit 1.
2020-07-04 08:34:46,240   pi_pact      DEBUG      Performing scan #72 at revisit 1.
2020-07-04 08:34:47,020   pi_pact      DEBUG      Performing scan #73 at revisit 1.
2020-07-04 08:34:48,505   pi_pact      DEBUG      Performing scan #74 at revisit 1.
2020-07-04 08:34:49,129   pi_pact      DEBUG      Performing scan #75 at revisit 1.
2020-07-04 08:34:50,687   pi_pact      DEBUG      Performing scan #76 at revisit 1.
2020-07-04 08:34:51,288   pi_pact      DEBUG      Performing scan #77 at revisit 1.
2020-07-04 08:34:52,178   pi_pact      DEBUG      Performing scan #78 at revisit 1.
2020-07-04 08:34:53,100   pi_pact      DEBUG      Performing scan #79 at revisit 1.
2020-07-04 08:34:54,077   pi_pact      DEBUG      Performing scan #80 at revisit 1.
2020-07-04 08:34:55,025   pi_pact      DEBUG      Performing scan #81 at revisit 1.
2020-07-04 08:34:56,398   pi_pact      DEBUG      Performing scan #82 at revisit 1.
2020-07-04 08:34:58,404   pi_pact      DEBUG      Performing scan #83 at revisit 1.
2020-07-04 08:34:59,034   pi_pact      DEBUG      Performing scan #84 at revisit 1.
2020-07-04 08:35:01,039   pi_pact      DEBUG      Performing scan #85 at revisit 1.
2020-07-04 08:35:03,044   pi_pact      DEBUG      Performing scan #86 at revisit 1.
2020-07-04 08:35:04,114   pi_pact      DEBUG      Performing scan #87 at revisit 1.
2020-07-04 08:35:05,482   pi_pact      DEBUG      Performing scan #88 at revisit 1.
2020-07-04 08:35:06,724   pi_pact      DEBUG      Performing scan #89 at revisit 1.
2020-07-04 08:35:07,128   pi_pact      DEBUG      Performing scan #90 at revisit 1.
2020-07-04 08:35:08,058   pi_pact      DEBUG      Performing scan #91 at revisit 1.
2020-07-04 08:35:09,025   pi_pact      DEBUG      Performing scan #92 at revisit 1.
2020-07-04 08:35:10,658   pi_pact      DEBUG      Performing scan #93 at revisit 1.
2020-07-04 08:35:11,930   pi_pact      DEBUG      Performing scan #94 at revisit 1.
2020-07-04 08:35:12,076   pi_pact      DEBUG      Performing scan #95 at revisit 1.
2020-07-04 08:35:13,226   pi_pact      DEBUG      Performing scan #96 at revisit 1.
2020-07-04 08:35:14,266   pi_pact      DEBUG      Performing scan #97 at revisit 1.
2020-07-04 08:35:15,088   pi_pact      DEBUG      Performing scan #98 at revisit 1.
2020-07-04 08:35:17,093   pi_pact      DEBUG      Performing scan #99 at revisit 1.
2020-07-04 08:35:18,386   pi_pact      DEBUG      Performing scan #100 at revisit 1.
2020-07-04 08:35:20,391   pi_pact      DEBUG      Performing scan #101 at revisit 1.
2020-07-04 08:35:22,239   pi_pact      DEBUG      Performing scan #102 at revisit 1.
2020-07-04 08:35:23,061   pi_pact      DEBUG      Performing scan #103 at revisit 1.
2020-07-04 08:35:24,168   pi_pact      DEBUG      Performing scan #104 at revisit 1.
2020-07-04 08:35:25,239   pi_pact      DEBUG      Performing scan #105 at revisit 1.
2020-07-04 08:35:26,093   pi_pact      DEBUG      Performing scan #106 at revisit 1.
2020-07-04 08:35:27,518   pi_pact      DEBUG      Performing scan #107 at revisit 1.
2020-07-04 08:35:28,066   pi_pact      DEBUG      Performing scan #108 at revisit 1.
2020-07-04 08:35:30,072   pi_pact      DEBUG      Performing scan #109 at revisit 1.
2020-07-04 08:35:31,052   pi_pact      DEBUG      Performing scan #110 at revisit 1.
2020-07-04 08:35:32,418   pi_pact      DEBUG      Performing scan #111 at revisit 1.
2020-07-04 08:35:34,422   pi_pact      DEBUG      Performing scan #112 at revisit 1.
2020-07-04 08:35:35,162   pi_pact      DEBUG      Performing scan #113 at revisit 1.
2020-07-04 08:35:36,454   pi_pact      DEBUG      Performing scan #114 at revisit 1.
2020-07-04 08:35:37,741   pi_pact      DEBUG      Performing scan #115 at revisit 1.
2020-07-04 08:35:38,288   pi_pact      DEBUG      Performing scan #116 at revisit 1.
2020-07-04 08:35:39,024   pi_pact      DEBUG      Performing scan #117 at revisit 1.
2020-07-04 08:35:40,011   pi_pact      DEBUG      Performing scan #118 at revisit 1.
2020-07-04 08:35:41,646   pi_pact      DEBUG      Performing scan #119 at revisit 1.
2020-07-04 08:35:42,867   pi_pact      DEBUG      Performing scan #120 at revisit 1.
2020-07-04 08:35:43,687   pi_pact      DEBUG      Performing scan #121 at revisit 1.
2020-07-04 08:35:44,091   pi_pact      DEBUG      Performing scan #122 at revisit 1.
2020-07-04 08:35:46,096   pi_pact      DEBUG      Performing scan #123 at revisit 1.
2020-07-04 08:35:48,101   pi_pact      DEBUG      Performing scan #124 at revisit 1.
2020-07-04 08:35:49,047   pi_pact      DEBUG      Performing scan #125 at revisit 1.
2020-07-04 08:35:51,052   pi_pact      DEBUG      Performing scan #126 at revisit 1.
2020-07-04 08:35:52,213   pi_pact      DEBUG      Performing scan #127 at revisit 1.
2020-07-04 08:35:53,222   pi_pact      DEBUG      Performing scan #128 at revisit 1.
2020-07-04 08:35:54,139   pi_pact      DEBUG      Performing scan #129 at revisit 1.
2020-07-04 08:35:56,144   pi_pact      DEBUG      Performing scan #130 at revisit 1.
2020-07-04 08:35:57,089   pi_pact      DEBUG      Performing scan #131 at revisit 1.
2020-07-04 08:35:58,749   pi_pact      DEBUG      Performing scan #132 at revisit 1.
2020-07-04 08:35:59,216   pi_pact      DEBUG      Performing scan #133 at revisit 1.
2020-07-04 08:36:00,580   pi_pact      DEBUG      Performing scan #134 at revisit 1.
2020-07-04 08:36:01,669   pi_pact      DEBUG      Performing scan #135 at revisit 1.
2020-07-04 08:36:02,240   pi_pact      DEBUG      Performing scan #136 at revisit 1.
2020-07-04 08:36:03,529   pi_pact      DEBUG      Performing scan #137 at revisit 1.
2020-07-04 08:36:04,821   pi_pact      DEBUG      Performing scan #138 at revisit 1.
2020-07-04 08:36:05,759   pi_pact      DEBUG      Performing scan #139 at revisit 1.
2020-07-04 08:36:06,116   pi_pact      DEBUG      Performing scan #140 at revisit 1.
2020-07-04 08:36:07,391   pi_pact      DEBUG      Performing scan #141 at revisit 1.
2020-07-04 08:36:08,479   pi_pact      DEBUG      Performing scan #142 at revisit 1.
2020-07-04 08:36:09,060   pi_pact      DEBUG      Performing scan #143 at revisit 1.
2020-07-04 08:36:10,369   pi_pact      DEBUG      Performing scan #144 at revisit 1.
2020-07-04 08:36:11,190   pi_pact      DEBUG      Performing scan #145 at revisit 1.
2020-07-04 08:36:12,882   pi_pact      DEBUG      Performing scan #146 at revisit 1.
2020-07-04 08:36:13,084   pi_pact      DEBUG      Performing scan #147 at revisit 1.
2020-07-04 08:36:14,179   pi_pact      DEBUG      Performing scan #148 at revisit 1.
2020-07-04 08:36:15,873   pi_pact      DEBUG      Performing scan #149 at revisit 1.
2020-07-04 08:36:16,142   pi_pact      DEBUG      Performing scan #150 at revisit 1.
2020-07-04 08:36:17,241   pi_pact      DEBUG      Performing scan #151 at revisit 1.
2020-07-04 08:36:19,082   pi_pact      DEBUG      Performing scan #152 at revisit 1.
2020-07-04 08:36:20,272   pi_pact      DEBUG      Performing scan #153 at revisit 1.
2020-07-04 08:36:22,277   pi_pact      DEBUG      Performing scan #154 at revisit 1.
2020-07-04 08:36:24,282   pi_pact      DEBUG      Performing scan #155 at revisit 1.
2020-07-04 08:36:25,221   pi_pact      DEBUG      Performing scan #156 at revisit 1.
2020-07-04 08:36:27,226   pi_pact      DEBUG      Performing scan #157 at revisit 1.
2020-07-04 08:36:28,043   pi_pact      DEBUG      Performing scan #158 at revisit 1.
2020-07-04 08:36:29,074   pi_pact      DEBUG      Performing scan #159 at revisit 1.
2020-07-04 08:36:30,291   pi_pact      DEBUG      Beacon scanner timed out.
2020-07-04 08:36:30,292   pi_pact      INFO       Stopping beacon scanner.
2020-07-04 08:37:22,700   pi_pact      DEBUG      Beacon configuration - {'control_file': 'advertiser_control', 'timeout': 20, 'uuid': '', 'major': 1, 'minor': 1, 'tx_power': 1, 'interval': 200}
2020-07-04 08:37:22,701   pi_pact      DEBUG      Scanner configuration - {'control_file': 'scanner_control', 'scan_prefix': 'jeanA_133.0_75_61', 'timeout': 180, 'revisit': 1, 'filters': {}}
2020-07-04 08:37:22,701   pi_pact      INFO       Beacon scanner mode selected.
2020-07-04 08:37:22,702   pi_pact      DEBUG      Using default beacon scanner configuration filters: {}.
2020-07-04 08:37:22,702   pi_pact      INFO       Initialized beacon scanner.
2020-07-04 08:37:22,705   pi_pact      INFO       Starting beacon scanner with timeout 180.
2020-07-04 08:37:22,706   pi_pact      DEBUG      Performing scan #1 at revisit 1.
2020-07-04 08:37:23,267   pi_pact      DEBUG      Performing scan #2 at revisit 1.
2020-07-04 08:37:24,105   pi_pact      DEBUG      Performing scan #3 at revisit 1.
2020-07-04 08:37:26,110   pi_pact      DEBUG      Performing scan #4 at revisit 1.
2020-07-04 08:37:27,388   pi_pact      DEBUG      Performing scan #5 at revisit 1.
2020-07-04 08:37:28,165   pi_pact      DEBUG      Performing scan #6 at revisit 1.
2020-07-04 08:37:29,145   pi_pact      DEBUG      Performing scan #7 at revisit 1.
2020-07-04 08:37:30,155   pi_pact      DEBUG      Performing scan #8 at revisit 1.
2020-07-04 08:37:31,267   pi_pact      DEBUG      Performing scan #9 at revisit 1.
2020-07-04 08:37:32,061   pi_pact      DEBUG      Performing scan #10 at revisit 1.
2020-07-04 08:37:33,846   pi_pact      DEBUG      Performing scan #11 at revisit 1.
2020-07-04 08:37:34,196   pi_pact      DEBUG      Performing scan #12 at revisit 1.
2020-07-04 08:37:35,773   pi_pact      DEBUG      Performing scan #13 at revisit 1.
2020-07-04 08:37:36,043   pi_pact      DEBUG      Performing scan #14 at revisit 1.
2020-07-04 08:37:37,708   pi_pact      DEBUG      Performing scan #15 at revisit 1.
2020-07-04 08:37:38,096   pi_pact      DEBUG      Performing scan #16 at revisit 1.
2020-07-04 08:37:39,191   pi_pact      DEBUG      Performing scan #17 at revisit 1.
2020-07-04 08:37:40,283   pi_pact      DEBUG      Performing scan #18 at revisit 1.
2020-07-04 08:37:41,574   pi_pact      DEBUG      Performing scan #19 at revisit 1.
2020-07-04 08:37:42,485   pi_pact      DEBUG      Performing scan #20 at revisit 1.
2020-07-04 08:37:43,045   pi_pact      DEBUG      Performing scan #21 at revisit 1.
2020-07-04 08:37:44,156   pi_pact      DEBUG      Performing scan #22 at revisit 1.
2020-07-04 08:37:45,448   pi_pact      DEBUG      Performing scan #23 at revisit 1.
2020-07-04 08:37:46,122   pi_pact      DEBUG      Performing scan #24 at revisit 1.
2020-07-04 08:37:47,212   pi_pact      DEBUG      Performing scan #25 at revisit 1.
2020-07-04 08:37:48,030   pi_pact      DEBUG      Performing scan #26 at revisit 1.
2020-07-04 08:37:49,190   pi_pact      DEBUG      Performing scan #27 at revisit 1.
2020-07-04 08:37:50,615   pi_pact      DEBUG      Performing scan #28 at revisit 1.
2020-07-04 08:37:51,002   pi_pact      DEBUG      Performing scan #29 at revisit 1.
2020-07-04 08:37:53,006   pi_pact      DEBUG      Performing scan #30 at revisit 1.
2020-07-04 08:37:54,823   pi_pact      DEBUG      Performing scan #31 at revisit 1.
2020-07-04 08:37:55,081   pi_pact      DEBUG      Performing scan #32 at revisit 1.
2020-07-04 08:37:57,086   pi_pact      DEBUG      Performing scan #33 at revisit 1.
2020-07-04 08:37:58,089   pi_pact      DEBUG      Performing scan #34 at revisit 1.
2020-07-04 08:37:59,188   pi_pact      DEBUG      Performing scan #35 at revisit 1.
2020-07-04 08:38:01,192   pi_pact      DEBUG      Performing scan #36 at revisit 1.
2020-07-04 08:38:02,214   pi_pact      DEBUG      Performing scan #37 at revisit 1.
2020-07-04 08:38:03,078   pi_pact      DEBUG      Performing scan #38 at revisit 1.
2020-07-04 08:38:05,082   pi_pact      DEBUG      Performing scan #39 at revisit 1.
2020-07-04 08:38:06,241   pi_pact      DEBUG      Performing scan #40 at revisit 1.
2020-07-04 08:38:07,377   pi_pact      DEBUG      Performing scan #41 at revisit 1.
2020-07-04 08:38:08,027   pi_pact      DEBUG      Performing scan #42 at revisit 1.
2020-07-04 08:38:09,118   pi_pact      DEBUG      Performing scan #43 at revisit 1.
2020-07-04 08:38:10,212   pi_pact      DEBUG      Performing scan #44 at revisit 1.
2020-07-04 08:38:11,250   pi_pact      DEBUG      Performing scan #45 at revisit 1.
2020-07-04 08:38:12,134   pi_pact      DEBUG      Performing scan #46 at revisit 1.
2020-07-04 08:38:13,505   pi_pact      DEBUG      Performing scan #47 at revisit 1.
2020-07-04 08:38:14,114   pi_pact      DEBUG      Performing scan #48 at revisit 1.
2020-07-04 08:38:15,108   pi_pact      DEBUG      Performing scan #49 at revisit 1.
2020-07-04 08:38:16,016   pi_pact      DEBUG      Performing scan #50 at revisit 1.
2020-07-04 08:38:17,646   pi_pact      DEBUG      Performing scan #51 at revisit 1.
2020-07-04 08:38:18,736   pi_pact      DEBUG      Performing scan #52 at revisit 1.
2020-07-04 08:38:19,040   pi_pact      DEBUG      Performing scan #53 at revisit 1.
2020-07-04 08:38:20,110   pi_pact      DEBUG      Performing scan #54 at revisit 1.
2020-07-04 08:38:21,475   pi_pact      DEBUG      Performing scan #55 at revisit 1.
2020-07-04 08:38:22,296   pi_pact      DEBUG      Performing scan #56 at revisit 1.
2020-07-04 08:38:23,397   pi_pact      DEBUG      Performing scan #57 at revisit 1.
2020-07-04 08:38:24,137   pi_pact      DEBUG      Performing scan #58 at revisit 1.
2020-07-04 08:38:25,262   pi_pact      DEBUG      Performing scan #59 at revisit 1.
2020-07-04 08:38:26,351   pi_pact      DEBUG      Performing scan #60 at revisit 1.
2020-07-04 08:38:27,982   pi_pact      DEBUG      Performing scan #61 at revisit 1.
2020-07-04 08:38:28,009   pi_pact      DEBUG      Performing scan #62 at revisit 1.
2020-07-04 08:38:29,198   pi_pact      DEBUG      Performing scan #63 at revisit 1.
2020-07-04 08:38:30,169   pi_pact      DEBUG      Performing scan #64 at revisit 1.
2020-07-04 08:38:31,805   pi_pact      DEBUG      Performing scan #65 at revisit 1.
2020-07-04 08:38:32,036   pi_pact      DEBUG      Performing scan #66 at revisit 1.
2020-07-04 08:38:33,170   pi_pact      DEBUG      Performing scan #67 at revisit 1.
2020-07-04 08:38:34,457   pi_pact      DEBUG      Performing scan #68 at revisit 1.
2020-07-04 08:38:35,505   pi_pact      DEBUG      Performing scan #69 at revisit 1.
2020-07-04 08:38:36,342   pi_pact      DEBUG      Performing scan #70 at revisit 1.
2020-07-04 08:38:37,172   pi_pact      DEBUG      Performing scan #71 at revisit 1.
2020-07-04 08:38:38,543   pi_pact      DEBUG      Performing scan #72 at revisit 1.
2020-07-04 08:38:39,144   pi_pact      DEBUG      Performing scan #73 at revisit 1.
2020-07-04 08:38:41,149   pi_pact      DEBUG      Performing scan #74 at revisit 1.
2020-07-04 08:38:42,194   pi_pact      DEBUG      Performing scan #75 at revisit 1.
2020-07-04 08:38:43,485   pi_pact      DEBUG      Performing scan #76 at revisit 1.
2020-07-04 08:38:44,775   pi_pact      DEBUG      Performing scan #77 at revisit 1.
2020-07-04 08:38:45,605   pi_pact      DEBUG      Performing scan #78 at revisit 1.
2020-07-04 08:38:47,361   pi_pact      DEBUG      Performing scan #79 at revisit 1.
2020-07-04 08:38:48,050   pi_pact      DEBUG      Performing scan #80 at revisit 1.
2020-07-04 08:38:49,199   pi_pact      DEBUG      Performing scan #81 at revisit 1.
2020-07-04 08:38:50,061   pi_pact      DEBUG      Performing scan #82 at revisit 1.
2020-07-04 08:38:51,230   pi_pact      DEBUG      Performing scan #83 at revisit 1.
2020-07-04 08:38:52,513   pi_pact      DEBUG      Performing scan #84 at revisit 1.
2020-07-04 08:38:53,011   pi_pact      DEBUG      Performing scan #85 at revisit 1.
2020-07-04 08:38:54,716   pi_pact      DEBUG      Performing scan #86 at revisit 1.
2020-07-04 08:38:55,273   pi_pact      DEBUG      Performing scan #87 at revisit 1.
2020-07-04 08:38:56,374   pi_pact      DEBUG      Performing scan #88 at revisit 1.
2020-07-04 08:38:57,472   pi_pact      DEBUG      Performing scan #89 at revisit 1.
2020-07-04 08:38:58,301   pi_pact      DEBUG      Performing scan #90 at revisit 1.
2020-07-04 08:38:59,950   pi_pact      DEBUG      Performing scan #91 at revisit 1.
2020-07-04 08:39:00,006   pi_pact      DEBUG      Performing scan #92 at revisit 1.
2020-07-04 08:39:01,537   pi_pact      DEBUG      Performing scan #93 at revisit 1.
2020-07-04 08:39:02,446   pi_pact      DEBUG      Performing scan #94 at revisit 1.
2020-07-04 08:39:03,237   pi_pact      DEBUG      Performing scan #95 at revisit 1.
2020-07-04 08:39:04,068   pi_pact      DEBUG      Performing scan #96 at revisit 1.
2020-07-04 08:39:05,177   pi_pact      DEBUG      Performing scan #97 at revisit 1.
2020-07-04 08:39:06,705   pi_pact      DEBUG      Performing scan #98 at revisit 1.
2020-07-04 08:39:07,074   pi_pact      DEBUG      Performing scan #99 at revisit 1.
2020-07-04 08:39:08,431   pi_pact      DEBUG      Performing scan #100 at revisit 1.
2020-07-04 08:39:09,289   pi_pact      DEBUG      Performing scan #101 at revisit 1.
2020-07-04 08:39:10,149   pi_pact      DEBUG      Performing scan #102 at revisit 1.
2020-07-04 08:39:12,153   pi_pact      DEBUG      Performing scan #103 at revisit 1.
2020-07-04 08:39:13,125   pi_pact      DEBUG      Performing scan #104 at revisit 1.
2020-07-04 08:39:14,145   pi_pact      DEBUG      Performing scan #105 at revisit 1.
2020-07-04 08:39:15,570   pi_pact      DEBUG      Performing scan #106 at revisit 1.
2020-07-04 08:39:16,660   pi_pact      DEBUG      Performing scan #107 at revisit 1.
2020-07-04 08:39:17,016   pi_pact      DEBUG      Performing scan #108 at revisit 1.
2020-07-04 08:39:18,308   pi_pact      DEBUG      Performing scan #109 at revisit 1.
2020-07-04 08:39:19,497   pi_pact      DEBUG      Performing scan #110 at revisit 1.
2020-07-04 08:39:20,884   pi_pact      DEBUG      Performing scan #111 at revisit 1.
2020-07-04 08:39:21,027   pi_pact      DEBUG      Performing scan #112 at revisit 1.
2020-07-04 08:39:22,003   pi_pact      DEBUG      Performing scan #113 at revisit 1.
2020-07-04 08:39:23,469   pi_pact      DEBUG      Performing scan #114 at revisit 1.
2020-07-04 08:39:24,201   pi_pact      DEBUG      Performing scan #115 at revisit 1.
2020-07-04 08:39:25,016   pi_pact      DEBUG      Performing scan #116 at revisit 1.
2020-07-04 08:39:26,054   pi_pact      DEBUG      Performing scan #117 at revisit 1.
2020-07-04 08:39:27,136   pi_pact      DEBUG      Performing scan #118 at revisit 1.
2020-07-04 08:39:29,141   pi_pact      DEBUG      Performing scan #119 at revisit 1.
2020-07-04 08:39:30,800   pi_pact      DEBUG      Performing scan #120 at revisit 1.
2020-07-04 08:39:31,118   pi_pact      DEBUG      Performing scan #121 at revisit 1.
2020-07-04 08:39:32,222   pi_pact      DEBUG      Performing scan #122 at revisit 1.
2020-07-04 08:39:34,227   pi_pact      DEBUG      Performing scan #123 at revisit 1.
2020-07-04 08:39:36,233   pi_pact      DEBUG      Performing scan #124 at revisit 1.
2020-07-04 08:39:38,238   pi_pact      DEBUG      Performing scan #125 at revisit 1.
2020-07-04 08:39:39,316   pi_pact      DEBUG      Performing scan #126 at revisit 1.
2020-07-04 08:39:40,232   pi_pact      DEBUG      Performing scan #127 at revisit 1.
2020-07-04 08:39:41,525   pi_pact      DEBUG      Performing scan #128 at revisit 1.
2020-07-04 08:39:42,401   pi_pact      DEBUG      Performing scan #129 at revisit 1.
2020-07-04 08:39:43,848   pi_pact      DEBUG      Performing scan #130 at revisit 1.
2020-07-04 08:39:44,032   pi_pact      DEBUG      Performing scan #131 at revisit 1.
2020-07-04 08:39:45,390   pi_pact      DEBUG      Performing scan #132 at revisit 1.
2020-07-04 08:39:46,568   pi_pact      DEBUG      Performing scan #133 at revisit 1.
2020-07-04 08:39:48,572   pi_pact      DEBUG      Performing scan #134 at revisit 1.
2020-07-04 08:39:49,267   pi_pact      DEBUG      Performing scan #135 at revisit 1.
2020-07-04 08:39:50,007   pi_pact      DEBUG      Performing scan #136 at revisit 1.
2020-07-04 08:39:51,174   pi_pact      DEBUG      Performing scan #137 at revisit 1.
2020-07-04 08:39:53,179   pi_pact      DEBUG      Performing scan #138 at revisit 1.
2020-07-04 08:39:54,419   pi_pact      DEBUG      Performing scan #139 at revisit 1.
2020-07-04 08:39:55,601   pi_pact      DEBUG      Performing scan #140 at revisit 1.
2020-07-04 08:39:56,974   pi_pact      DEBUG      Performing scan #141 at revisit 1.
2020-07-04 08:39:57,002   pi_pact      DEBUG      Performing scan #142 at revisit 1.
2020-07-04 08:39:58,068   pi_pact      DEBUG      Performing scan #143 at revisit 1.
2020-07-04 08:39:59,323   pi_pact      DEBUG      Performing scan #144 at revisit 1.
2020-07-04 08:40:00,871   pi_pact      DEBUG      Performing scan #145 at revisit 1.
2020-07-04 08:40:01,145   pi_pact      DEBUG      Performing scan #146 at revisit 1.
2020-07-04 08:40:02,163   pi_pact      DEBUG      Performing scan #147 at revisit 1.
2020-07-04 08:40:03,028   pi_pact      DEBUG      Performing scan #148 at revisit 1.
2020-07-04 08:40:04,774   pi_pact      DEBUG      Performing scan #149 at revisit 1.
2020-07-04 08:40:05,519   pi_pact      DEBUG      Performing scan #150 at revisit 1.
2020-07-04 08:40:06,039   pi_pact      DEBUG      Performing scan #151 at revisit 1.
2020-07-04 08:40:07,130   pi_pact      DEBUG      Performing scan #152 at revisit 1.
2020-07-04 08:40:08,853   pi_pact      DEBUG      Performing scan #153 at revisit 1.
2020-07-04 08:40:09,031   pi_pact      DEBUG      Performing scan #154 at revisit 1.
2020-07-04 08:40:10,215   pi_pact      DEBUG      Performing scan #155 at revisit 1.
2020-07-04 08:40:11,189   pi_pact      DEBUG      Performing scan #156 at revisit 1.
2020-07-04 08:40:12,108   pi_pact      DEBUG      Performing scan #157 at revisit 1.
2020-07-04 08:40:14,113   pi_pact      DEBUG      Performing scan #158 at revisit 1.
2020-07-04 08:40:15,055   pi_pact      DEBUG      Performing scan #159 at revisit 1.
2020-07-04 08:40:17,060   pi_pact      DEBUG      Performing scan #160 at revisit 1.
2020-07-04 08:40:19,064   pi_pact      DEBUG      Performing scan #161 at revisit 1.
2020-07-04 08:40:21,069   pi_pact      DEBUG      Performing scan #162 at revisit 1.
2020-07-04 08:40:23,074   pi_pact      DEBUG      Beacon scanner timed out.
2020-07-04 08:40:23,074   pi_pact      INFO       Stopping beacon scanner.
2020-07-04 08:41:29,817   pi_pact      DEBUG      Beacon configuration - {'control_file': 'advertiser_control', 'timeout': 20, 'uuid': '', 'major': 1, 'minor': 1, 'tx_power': 1, 'interval': 200}
2020-07-04 08:41:29,817   pi_pact      DEBUG      Scanner configuration - {'control_file': 'scanner_control', 'scan_prefix': 'jeanA_126.0_75_61', 'timeout': 180, 'revisit': 1, 'filters': {}}
2020-07-04 08:41:29,817   pi_pact      INFO       Beacon scanner mode selected.
2020-07-04 08:41:29,818   pi_pact      DEBUG      Using default beacon scanner configuration filters: {}.
2020-07-04 08:41:29,819   pi_pact      INFO       Initialized beacon scanner.
2020-07-04 08:41:29,822   pi_pact      INFO       Starting beacon scanner with timeout 180.
2020-07-04 08:41:29,822   pi_pact      DEBUG      Performing scan #1 at revisit 1.
2020-07-04 08:41:30,014   pi_pact      DEBUG      Performing scan #2 at revisit 1.
2020-07-04 08:41:31,157   pi_pact      DEBUG      Performing scan #3 at revisit 1.
2020-07-04 08:41:32,446   pi_pact      DEBUG      Performing scan #4 at revisit 1.
2020-07-04 08:41:33,182   pi_pact      DEBUG      Performing scan #5 at revisit 1.
2020-07-04 08:41:34,015   pi_pact      DEBUG      Performing scan #6 at revisit 1.
2020-07-04 08:41:35,032   pi_pact      DEBUG      Performing scan #7 at revisit 1.
2020-07-04 08:41:37,038   pi_pact      DEBUG      Performing scan #8 at revisit 1.
2020-07-04 08:41:39,043   pi_pact      DEBUG      Performing scan #9 at revisit 1.
2020-07-04 08:41:40,137   pi_pact      DEBUG      Performing scan #10 at revisit 1.
2020-07-04 08:41:41,180   pi_pact      DEBUG      Performing scan #11 at revisit 1.
2020-07-04 08:41:43,185   pi_pact      DEBUG      Performing scan #12 at revisit 1.
2020-07-04 08:41:44,070   pi_pact      DEBUG      Performing scan #13 at revisit 1.
2020-07-04 08:41:45,358   pi_pact      DEBUG      Performing scan #14 at revisit 1.
2020-07-04 08:41:46,641   pi_pact      DEBUG      Performing scan #15 at revisit 1.
2020-07-04 08:41:47,234   pi_pact      DEBUG      Performing scan #16 at revisit 1.
2020-07-04 08:41:48,058   pi_pact      DEBUG      Performing scan #17 at revisit 1.
2020-07-04 08:41:49,220   pi_pact      DEBUG      Performing scan #18 at revisit 1.
2020-07-04 08:41:50,197   pi_pact      DEBUG      Performing scan #19 at revisit 1.
2020-07-04 08:41:51,289   pi_pact      DEBUG      Performing scan #20 at revisit 1.
2020-07-04 08:41:52,099   pi_pact      DEBUG      Performing scan #21 at revisit 1.
2020-07-04 08:41:54,105   pi_pact      DEBUG      Performing scan #22 at revisit 1.
2020-07-04 08:41:55,016   pi_pact      DEBUG      Performing scan #23 at revisit 1.
2020-07-04 08:41:56,097   pi_pact      DEBUG      Performing scan #24 at revisit 1.
2020-07-04 08:41:57,266   pi_pact      DEBUG      Performing scan #25 at revisit 1.
2020-07-04 08:41:58,251   pi_pact      DEBUG      Performing scan #26 at revisit 1.
2020-07-04 08:41:59,463   pi_pact      DEBUG      Performing scan #27 at revisit 1.
2020-07-04 08:42:00,257   pi_pact      DEBUG      Performing scan #28 at revisit 1.
2020-07-04 08:42:02,068   pi_pact      DEBUG      Performing scan #29 at revisit 1.
2020-07-04 08:42:04,073   pi_pact      DEBUG      Performing scan #30 at revisit 1.
2020-07-04 08:42:05,382   pi_pact      DEBUG      Performing scan #31 at revisit 1.
2020-07-04 08:42:06,485   pi_pact      DEBUG      Performing scan #32 at revisit 1.
2020-07-04 08:42:07,278   pi_pact      DEBUG      Performing scan #33 at revisit 1.
2020-07-04 08:42:08,408   pi_pact      DEBUG      Performing scan #34 at revisit 1.
2020-07-04 08:42:09,473   pi_pact      DEBUG      Performing scan #35 at revisit 1.
2020-07-04 08:42:10,605   pi_pact      DEBUG      Performing scan #36 at revisit 1.
2020-07-04 08:42:11,033   pi_pact      DEBUG      Performing scan #37 at revisit 1.
2020-07-04 08:42:13,037   pi_pact      DEBUG      Performing scan #38 at revisit 1.
2020-07-04 08:42:14,389   pi_pact      DEBUG      Performing scan #39 at revisit 1.
2020-07-04 08:42:15,018   pi_pact      DEBUG      Performing scan #40 at revisit 1.
2020-07-04 08:42:16,023   pi_pact      DEBUG      Performing scan #41 at revisit 1.
2020-07-04 08:42:18,028   pi_pact      DEBUG      Performing scan #42 at revisit 1.
2020-07-04 08:42:19,133   pi_pact      DEBUG      Performing scan #43 at revisit 1.
2020-07-04 08:42:20,183   pi_pact      DEBUG      Performing scan #44 at revisit 1.
2020-07-04 08:42:22,187   pi_pact      DEBUG      Performing scan #45 at revisit 1.
2020-07-04 08:42:24,193   pi_pact      DEBUG      Performing scan #46 at revisit 1.
2020-07-04 08:42:25,337   pi_pact      DEBUG      Performing scan #47 at revisit 1.
2020-07-04 08:42:27,343   pi_pact      DEBUG      Performing scan #48 at revisit 1.
2020-07-04 08:42:28,253   pi_pact      DEBUG      Performing scan #49 at revisit 1.
2020-07-04 08:42:29,885   pi_pact      DEBUG      Performing scan #50 at revisit 1.
2020-07-04 08:42:30,091   pi_pact      DEBUG      Performing scan #51 at revisit 1.
2020-07-04 08:42:31,242   pi_pact      DEBUG      Performing scan #52 at revisit 1.
2020-07-04 08:42:33,247   pi_pact      DEBUG      Performing scan #53 at revisit 1.
2020-07-04 08:42:35,252   pi_pact      DEBUG      Performing scan #54 at revisit 1.
2020-07-04 08:42:36,950   pi_pact      DEBUG      Performing scan #55 at revisit 1.
2020-07-04 08:42:37,041   pi_pact      DEBUG      Performing scan #56 at revisit 1.
2020-07-04 08:42:39,046   pi_pact      DEBUG      Performing scan #57 at revisit 1.
2020-07-04 08:42:40,513   pi_pact      DEBUG      Performing scan #58 at revisit 1.
2020-07-04 08:42:41,341   pi_pact      DEBUG      Performing scan #59 at revisit 1.
2020-07-04 08:42:42,117   pi_pact      DEBUG      Performing scan #60 at revisit 1.
2020-07-04 08:42:43,404   pi_pact      DEBUG      Performing scan #61 at revisit 1.
2020-07-04 08:42:44,688   pi_pact      DEBUG      Performing scan #62 at revisit 1.
2020-07-04 08:42:45,978   pi_pact      DEBUG      Performing scan #63 at revisit 1.
2020-07-04 08:42:46,044   pi_pact      DEBUG      Performing scan #64 at revisit 1.
2020-07-04 08:42:47,091   pi_pact      DEBUG      Performing scan #65 at revisit 1.
2020-07-04 08:42:48,555   pi_pact      DEBUG      Performing scan #66 at revisit 1.
2020-07-04 08:42:49,844   pi_pact      DEBUG      Performing scan #67 at revisit 1.
2020-07-04 08:42:50,111   pi_pact      DEBUG      Performing scan #68 at revisit 1.
2020-07-04 08:42:51,133   pi_pact      DEBUG      Performing scan #69 at revisit 1.
2020-07-04 08:42:52,424   pi_pact      DEBUG      Performing scan #70 at revisit 1.
2020-07-04 08:42:53,141   pi_pact      DEBUG      Performing scan #71 at revisit 1.
2020-07-04 08:42:54,011   pi_pact      DEBUG      Performing scan #72 at revisit 1.
2020-07-04 08:42:55,004   pi_pact      DEBUG      Performing scan #73 at revisit 1.
2020-07-04 08:42:56,297   pi_pact      DEBUG      Performing scan #74 at revisit 1.
2020-07-04 08:42:57,003   pi_pact      DEBUG      Performing scan #75 at revisit 1.
2020-07-04 08:42:58,367   pi_pact      DEBUG      Performing scan #76 at revisit 1.
2020-07-04 08:42:59,182   pi_pact      DEBUG      Performing scan #77 at revisit 1.
2020-07-04 08:43:00,173   pi_pact      DEBUG      Performing scan #78 at revisit 1.
2020-07-04 08:43:01,135   pi_pact      DEBUG      Performing scan #79 at revisit 1.
2020-07-04 08:43:02,753   pi_pact      DEBUG      Performing scan #80 at revisit 1.
2020-07-04 08:43:03,071   pi_pact      DEBUG      Performing scan #81 at revisit 1.
2020-07-04 08:43:04,035   pi_pact      DEBUG      Performing scan #82 at revisit 1.
